0 info it worked if it ends with ok
1 verbose cli [ 'node', '/usr/local/bin/npm', 'install' ]
2 info using npm@1.4.28
3 info using node@v0.10.32
4 verbose readDependencies using package.json deps
5 verbose install where, deps [ '/Users/leejungmin/WebstormProjects/hub1_git',
5 verbose install   [ 'bluebird',
5 verbose install     'body-parser',
5 verbose install     'bookshelf',
5 verbose install     'connect-multiparty',
5 verbose install     'cookie-parser',
5 verbose install     'debug',
5 verbose install     'express',
5 verbose install     'express-session',
5 verbose install     'hbs',
5 verbose install     'knex',
5 verbose install     'method-override',
5 verbose install     'morgan',
5 verbose install     'pg',
5 verbose install     'serve-favicon',
5 verbose install     'stylus',
5 verbose install     'underscore',
5 verbose install     'underscore.string' ] ]
6 info preinstall hub1@0.0.0
7 verbose readDependencies using package.json deps
8 verbose cache add [ 'bluebird@^2.3.10', null ]
9 verbose cache add name=undefined spec="bluebird@^2.3.10" args=["bluebird@^2.3.10",null]
10 verbose parsed url { protocol: null,
10 verbose parsed url   slashes: null,
10 verbose parsed url   auth: null,
10 verbose parsed url   host: null,
10 verbose parsed url   port: null,
10 verbose parsed url   hostname: null,
10 verbose parsed url   hash: null,
10 verbose parsed url   search: null,
10 verbose parsed url   query: null,
10 verbose parsed url   pathname: 'bluebird@^2.3.10',
10 verbose parsed url   path: 'bluebird@^2.3.10',
10 verbose parsed url   href: 'bluebird@^2.3.10' }
11 verbose cache add [ 'body-parser@~1.8.1', null ]
12 verbose cache add name=undefined spec="body-parser@~1.8.1" args=["body-parser@~1.8.1",null]
13 verbose parsed url { protocol: null,
13 verbose parsed url   slashes: null,
13 verbose parsed url   auth: null,
13 verbose parsed url   host: null,
13 verbose parsed url   port: null,
13 verbose parsed url   hostname: null,
13 verbose parsed url   hash: null,
13 verbose parsed url   search: null,
13 verbose parsed url   query: null,
13 verbose parsed url   pathname: 'body-parser@~1.8.1',
13 verbose parsed url   path: 'body-parser@~1.8.1',
13 verbose parsed url   href: 'body-parser@~1.8.1' }
14 verbose cache add [ 'bookshelf@0.7.7', null ]
15 verbose cache add name=undefined spec="bookshelf@0.7.7" args=["bookshelf@0.7.7",null]
16 verbose parsed url { protocol: null,
16 verbose parsed url   slashes: null,
16 verbose parsed url   auth: null,
16 verbose parsed url   host: null,
16 verbose parsed url   port: null,
16 verbose parsed url   hostname: null,
16 verbose parsed url   hash: null,
16 verbose parsed url   search: null,
16 verbose parsed url   query: null,
16 verbose parsed url   pathname: 'bookshelf@0.7.7',
16 verbose parsed url   path: 'bookshelf@0.7.7',
16 verbose parsed url   href: 'bookshelf@0.7.7' }
17 verbose cache add [ 'connect-multiparty@1.2.5', null ]
18 verbose cache add name=undefined spec="connect-multiparty@1.2.5" args=["connect-multiparty@1.2.5",null]
19 verbose parsed url { protocol: null,
19 verbose parsed url   slashes: null,
19 verbose parsed url   auth: null,
19 verbose parsed url   host: null,
19 verbose parsed url   port: null,
19 verbose parsed url   hostname: null,
19 verbose parsed url   hash: null,
19 verbose parsed url   search: null,
19 verbose parsed url   query: null,
19 verbose parsed url   pathname: 'connect-multiparty@1.2.5',
19 verbose parsed url   path: 'connect-multiparty@1.2.5',
19 verbose parsed url   href: 'connect-multiparty@1.2.5' }
20 verbose cache add [ 'cookie-parser@~1.3.3', null ]
21 verbose cache add name=undefined spec="cookie-parser@~1.3.3" args=["cookie-parser@~1.3.3",null]
22 verbose parsed url { protocol: null,
22 verbose parsed url   slashes: null,
22 verbose parsed url   auth: null,
22 verbose parsed url   host: null,
22 verbose parsed url   port: null,
22 verbose parsed url   hostname: null,
22 verbose parsed url   hash: null,
22 verbose parsed url   search: null,
22 verbose parsed url   query: null,
22 verbose parsed url   pathname: 'cookie-parser@~1.3.3',
22 verbose parsed url   path: 'cookie-parser@~1.3.3',
22 verbose parsed url   href: 'cookie-parser@~1.3.3' }
23 verbose cache add name="bluebird" spec="^2.3.10" args=["bluebird","^2.3.10"]
24 verbose parsed url { protocol: null,
24 verbose parsed url   slashes: null,
24 verbose parsed url   auth: null,
24 verbose parsed url   host: null,
24 verbose parsed url   port: null,
24 verbose parsed url   hostname: null,
24 verbose parsed url   hash: null,
24 verbose parsed url   search: null,
24 verbose parsed url   query: null,
24 verbose parsed url   pathname: '^2.3.10',
24 verbose parsed url   path: '^2.3.10',
24 verbose parsed url   href: '^2.3.10' }
25 verbose addNamed [ 'bluebird', '^2.3.10' ]
26 verbose addNamed [ null, '>=2.3.10-0 <3.0.0-0' ]
27 verbose cache add name="body-parser" spec="~1.8.1" args=["body-parser","~1.8.1"]
28 verbose parsed url { protocol: null,
28 verbose parsed url   slashes: null,
28 verbose parsed url   auth: null,
28 verbose parsed url   host: null,
28 verbose parsed url   port: null,
28 verbose parsed url   hostname: null,
28 verbose parsed url   hash: null,
28 verbose parsed url   search: null,
28 verbose parsed url   query: null,
28 verbose parsed url   pathname: '~1.8.1',
28 verbose parsed url   path: '~1.8.1',
28 verbose parsed url   href: '~1.8.1' }
29 verbose addNamed [ 'body-parser', '~1.8.1' ]
30 verbose addNamed [ null, '>=1.8.1-0 <1.9.0-0' ]
31 verbose cache add name="bookshelf" spec="0.7.7" args=["bookshelf","0.7.7"]
32 verbose parsed url { protocol: null,
32 verbose parsed url   slashes: null,
32 verbose parsed url   auth: null,
32 verbose parsed url   host: null,
32 verbose parsed url   port: null,
32 verbose parsed url   hostname: null,
32 verbose parsed url   hash: null,
32 verbose parsed url   search: null,
32 verbose parsed url   query: null,
32 verbose parsed url   pathname: '0.7.7',
32 verbose parsed url   path: '0.7.7',
32 verbose parsed url   href: '0.7.7' }
33 verbose addNamed [ 'bookshelf', '0.7.7' ]
34 verbose addNamed [ '0.7.7', '0.7.7' ]
35 verbose cache add name="connect-multiparty" spec="1.2.5" args=["connect-multiparty","1.2.5"]
36 verbose parsed url { protocol: null,
36 verbose parsed url   slashes: null,
36 verbose parsed url   auth: null,
36 verbose parsed url   host: null,
36 verbose parsed url   port: null,
36 verbose parsed url   hostname: null,
36 verbose parsed url   hash: null,
36 verbose parsed url   search: null,
36 verbose parsed url   query: null,
36 verbose parsed url   pathname: '1.2.5',
36 verbose parsed url   path: '1.2.5',
36 verbose parsed url   href: '1.2.5' }
37 verbose addNamed [ 'connect-multiparty', '1.2.5' ]
38 verbose addNamed [ '1.2.5', '1.2.5' ]
39 verbose cache add name="cookie-parser" spec="~1.3.3" args=["cookie-parser","~1.3.3"]
40 verbose parsed url { protocol: null,
40 verbose parsed url   slashes: null,
40 verbose parsed url   auth: null,
40 verbose parsed url   host: null,
40 verbose parsed url   port: null,
40 verbose parsed url   hostname: null,
40 verbose parsed url   hash: null,
40 verbose parsed url   search: null,
40 verbose parsed url   query: null,
40 verbose parsed url   pathname: '~1.3.3',
40 verbose parsed url   path: '~1.3.3',
40 verbose parsed url   href: '~1.3.3' }
41 verbose addNamed [ 'cookie-parser', '~1.3.3' ]
42 verbose addNamed [ null, '>=1.3.3-0 <1.4.0-0' ]
43 verbose cache add [ 'debug@~2.0.0', null ]
44 verbose cache add name=undefined spec="debug@~2.0.0" args=["debug@~2.0.0",null]
45 verbose parsed url { protocol: null,
45 verbose parsed url   slashes: null,
45 verbose parsed url   auth: null,
45 verbose parsed url   host: null,
45 verbose parsed url   port: null,
45 verbose parsed url   hostname: null,
45 verbose parsed url   hash: null,
45 verbose parsed url   search: null,
45 verbose parsed url   query: null,
45 verbose parsed url   pathname: 'debug@~2.0.0',
45 verbose parsed url   path: 'debug@~2.0.0',
45 verbose parsed url   href: 'debug@~2.0.0' }
46 verbose cache add [ 'express@~4.9.0', null ]
47 verbose cache add name=undefined spec="express@~4.9.0" args=["express@~4.9.0",null]
48 verbose parsed url { protocol: null,
48 verbose parsed url   slashes: null,
48 verbose parsed url   auth: null,
48 verbose parsed url   host: null,
48 verbose parsed url   port: null,
48 verbose parsed url   hostname: null,
48 verbose parsed url   hash: null,
48 verbose parsed url   search: null,
48 verbose parsed url   query: null,
48 verbose parsed url   pathname: 'express@~4.9.0',
48 verbose parsed url   path: 'express@~4.9.0',
48 verbose parsed url   href: 'express@~4.9.0' }
49 verbose cache add [ 'express-session@1.9.1', null ]
50 verbose cache add name=undefined spec="express-session@1.9.1" args=["express-session@1.9.1",null]
51 verbose parsed url { protocol: null,
51 verbose parsed url   slashes: null,
51 verbose parsed url   auth: null,
51 verbose parsed url   host: null,
51 verbose parsed url   port: null,
51 verbose parsed url   hostname: null,
51 verbose parsed url   hash: null,
51 verbose parsed url   search: null,
51 verbose parsed url   query: null,
51 verbose parsed url   pathname: 'express-session@1.9.1',
51 verbose parsed url   path: 'express-session@1.9.1',
51 verbose parsed url   href: 'express-session@1.9.1' }
52 silly lockFile 7792aacb-bluebird-2-3-10 bluebird@^2.3.10
53 verbose lock bluebird@^2.3.10 /Users/leejungmin/.npm/7792aacb-bluebird-2-3-10.lock
54 silly lockFile a49948c1-body-parser-1-8-1 body-parser@~1.8.1
55 verbose lock body-parser@~1.8.1 /Users/leejungmin/.npm/a49948c1-body-parser-1-8-1.lock
56 silly lockFile 435fa37e-bookshelf-0-7-7 bookshelf@0.7.7
57 verbose lock bookshelf@0.7.7 /Users/leejungmin/.npm/435fa37e-bookshelf-0-7-7.lock
58 silly lockFile 504292ad-connect-multiparty-1-2-5 connect-multiparty@1.2.5
59 verbose lock connect-multiparty@1.2.5 /Users/leejungmin/.npm/504292ad-connect-multiparty-1-2-5.lock
60 silly lockFile bf5babd8-cookie-parser-1-3-3 cookie-parser@~1.3.3
61 verbose lock cookie-parser@~1.3.3 /Users/leejungmin/.npm/bf5babd8-cookie-parser-1-3-3.lock
62 verbose cache add name="debug" spec="~2.0.0" args=["debug","~2.0.0"]
63 verbose parsed url { protocol: null,
63 verbose parsed url   slashes: null,
63 verbose parsed url   auth: null,
63 verbose parsed url   host: null,
63 verbose parsed url   port: null,
63 verbose parsed url   hostname: null,
63 verbose parsed url   hash: null,
63 verbose parsed url   search: null,
63 verbose parsed url   query: null,
63 verbose parsed url   pathname: '~2.0.0',
63 verbose parsed url   path: '~2.0.0',
63 verbose parsed url   href: '~2.0.0' }
64 verbose addNamed [ 'debug', '~2.0.0' ]
65 verbose addNamed [ null, '>=2.0.0-0 <2.1.0-0' ]
66 silly lockFile 12b6356d-debug-2-0-0 debug@~2.0.0
67 verbose lock debug@~2.0.0 /Users/leejungmin/.npm/12b6356d-debug-2-0-0.lock
68 verbose cache add name="express" spec="~4.9.0" args=["express","~4.9.0"]
69 verbose parsed url { protocol: null,
69 verbose parsed url   slashes: null,
69 verbose parsed url   auth: null,
69 verbose parsed url   host: null,
69 verbose parsed url   port: null,
69 verbose parsed url   hostname: null,
69 verbose parsed url   hash: null,
69 verbose parsed url   search: null,
69 verbose parsed url   query: null,
69 verbose parsed url   pathname: '~4.9.0',
69 verbose parsed url   path: '~4.9.0',
69 verbose parsed url   href: '~4.9.0' }
70 verbose addNamed [ 'express', '~4.9.0' ]
71 verbose addNamed [ null, '>=4.9.0-0 <4.10.0-0' ]
72 silly lockFile 6ae7fa08-express-4-9-0 express@~4.9.0
73 verbose lock express@~4.9.0 /Users/leejungmin/.npm/6ae7fa08-express-4-9-0.lock
74 verbose cache add [ 'hbs@~2.7.0', null ]
75 verbose cache add name=undefined spec="hbs@~2.7.0" args=["hbs@~2.7.0",null]
76 verbose parsed url { protocol: null,
76 verbose parsed url   slashes: null,
76 verbose parsed url   auth: null,
76 verbose parsed url   host: null,
76 verbose parsed url   port: null,
76 verbose parsed url   hostname: null,
76 verbose parsed url   hash: null,
76 verbose parsed url   search: null,
76 verbose parsed url   query: null,
76 verbose parsed url   pathname: 'hbs@~2.7.0',
76 verbose parsed url   path: 'hbs@~2.7.0',
76 verbose parsed url   href: 'hbs@~2.7.0' }
77 verbose cache add [ 'knex@0.7.3', null ]
78 verbose cache add name=undefined spec="knex@0.7.3" args=["knex@0.7.3",null]
79 verbose parsed url { protocol: null,
79 verbose parsed url   slashes: null,
79 verbose parsed url   auth: null,
79 verbose parsed url   host: null,
79 verbose parsed url   port: null,
79 verbose parsed url   hostname: null,
79 verbose parsed url   hash: null,
79 verbose parsed url   search: null,
79 verbose parsed url   query: null,
79 verbose parsed url   pathname: 'knex@0.7.3',
79 verbose parsed url   path: 'knex@0.7.3',
79 verbose parsed url   href: 'knex@0.7.3' }
80 verbose cache add [ 'method-override@2.3.0', null ]
81 verbose cache add name=undefined spec="method-override@2.3.0" args=["method-override@2.3.0",null]
82 verbose parsed url { protocol: null,
82 verbose parsed url   slashes: null,
82 verbose parsed url   auth: null,
82 verbose parsed url   host: null,
82 verbose parsed url   port: null,
82 verbose parsed url   hostname: null,
82 verbose parsed url   hash: null,
82 verbose parsed url   search: null,
82 verbose parsed url   query: null,
82 verbose parsed url   pathname: 'method-override@2.3.0',
82 verbose parsed url   path: 'method-override@2.3.0',
82 verbose parsed url   href: 'method-override@2.3.0' }
83 verbose cache add name="express-session" spec="1.9.1" args=["express-session","1.9.1"]
84 verbose parsed url { protocol: null,
84 verbose parsed url   slashes: null,
84 verbose parsed url   auth: null,
84 verbose parsed url   host: null,
84 verbose parsed url   port: null,
84 verbose parsed url   hostname: null,
84 verbose parsed url   hash: null,
84 verbose parsed url   search: null,
84 verbose parsed url   query: null,
84 verbose parsed url   pathname: '1.9.1',
84 verbose parsed url   path: '1.9.1',
84 verbose parsed url   href: '1.9.1' }
85 verbose addNamed [ 'express-session', '1.9.1' ]
86 verbose addNamed [ '1.9.1', '1.9.1' ]
87 silly lockFile c0a3989b-express-session-1-9-1 express-session@1.9.1
88 verbose lock express-session@1.9.1 /Users/leejungmin/.npm/c0a3989b-express-session-1-9-1.lock
89 verbose cache add name="hbs" spec="~2.7.0" args=["hbs","~2.7.0"]
90 verbose parsed url { protocol: null,
90 verbose parsed url   slashes: null,
90 verbose parsed url   auth: null,
90 verbose parsed url   host: null,
90 verbose parsed url   port: null,
90 verbose parsed url   hostname: null,
90 verbose parsed url   hash: null,
90 verbose parsed url   search: null,
90 verbose parsed url   query: null,
90 verbose parsed url   pathname: '~2.7.0',
90 verbose parsed url   path: '~2.7.0',
90 verbose parsed url   href: '~2.7.0' }
91 verbose addNamed [ 'hbs', '~2.7.0' ]
92 verbose addNamed [ null, '>=2.7.0-0 <2.8.0-0' ]
93 silly lockFile 6b673cf1-hbs-2-7-0 hbs@~2.7.0
94 verbose lock hbs@~2.7.0 /Users/leejungmin/.npm/6b673cf1-hbs-2-7-0.lock
95 verbose cache add name="knex" spec="0.7.3" args=["knex","0.7.3"]
96 verbose parsed url { protocol: null,
96 verbose parsed url   slashes: null,
96 verbose parsed url   auth: null,
96 verbose parsed url   host: null,
96 verbose parsed url   port: null,
96 verbose parsed url   hostname: null,
96 verbose parsed url   hash: null,
96 verbose parsed url   search: null,
96 verbose parsed url   query: null,
96 verbose parsed url   pathname: '0.7.3',
96 verbose parsed url   path: '0.7.3',
96 verbose parsed url   href: '0.7.3' }
97 verbose addNamed [ 'knex', '0.7.3' ]
98 verbose addNamed [ '0.7.3', '0.7.3' ]
99 silly lockFile c74436cc-knex-0-7-3 knex@0.7.3
100 verbose lock knex@0.7.3 /Users/leejungmin/.npm/c74436cc-knex-0-7-3.lock
101 verbose cache add [ 'morgan@~1.3.0', null ]
102 verbose cache add name=undefined spec="morgan@~1.3.0" args=["morgan@~1.3.0",null]
103 verbose parsed url { protocol: null,
103 verbose parsed url   slashes: null,
103 verbose parsed url   auth: null,
103 verbose parsed url   host: null,
103 verbose parsed url   port: null,
103 verbose parsed url   hostname: null,
103 verbose parsed url   hash: null,
103 verbose parsed url   search: null,
103 verbose parsed url   query: null,
103 verbose parsed url   pathname: 'morgan@~1.3.0',
103 verbose parsed url   path: 'morgan@~1.3.0',
103 verbose parsed url   href: 'morgan@~1.3.0' }
104 verbose cache add [ 'pg@*', null ]
105 verbose cache add name=undefined spec="pg@*" args=["pg@*",null]
106 verbose parsed url { protocol: null,
106 verbose parsed url   slashes: null,
106 verbose parsed url   auth: null,
106 verbose parsed url   host: null,
106 verbose parsed url   port: null,
106 verbose parsed url   hostname: null,
106 verbose parsed url   hash: null,
106 verbose parsed url   search: null,
106 verbose parsed url   query: null,
106 verbose parsed url   pathname: 'pg@*',
106 verbose parsed url   path: 'pg@*',
106 verbose parsed url   href: 'pg@*' }
107 verbose cache add [ 'serve-favicon@~2.1.3', null ]
108 verbose cache add name=undefined spec="serve-favicon@~2.1.3" args=["serve-favicon@~2.1.3",null]
109 verbose parsed url { protocol: null,
109 verbose parsed url   slashes: null,
109 verbose parsed url   auth: null,
109 verbose parsed url   host: null,
109 verbose parsed url   port: null,
109 verbose parsed url   hostname: null,
109 verbose parsed url   hash: null,
109 verbose parsed url   search: null,
109 verbose parsed url   query: null,
109 verbose parsed url   pathname: 'serve-favicon@~2.1.3',
109 verbose parsed url   path: 'serve-favicon@~2.1.3',
109 verbose parsed url   href: 'serve-favicon@~2.1.3' }
110 verbose cache add [ 'stylus@0.42.3', null ]
111 verbose cache add name=undefined spec="stylus@0.42.3" args=["stylus@0.42.3",null]
112 verbose parsed url { protocol: null,
112 verbose parsed url   slashes: null,
112 verbose parsed url   auth: null,
112 verbose parsed url   host: null,
112 verbose parsed url   port: null,
112 verbose parsed url   hostname: null,
112 verbose parsed url   hash: null,
112 verbose parsed url   search: null,
112 verbose parsed url   query: null,
112 verbose parsed url   pathname: 'stylus@0.42.3',
112 verbose parsed url   path: 'stylus@0.42.3',
112 verbose parsed url   href: 'stylus@0.42.3' }
113 verbose cache add [ 'underscore@1.7.0', null ]
114 verbose cache add name=undefined spec="underscore@1.7.0" args=["underscore@1.7.0",null]
115 verbose parsed url { protocol: null,
115 verbose parsed url   slashes: null,
115 verbose parsed url   auth: null,
115 verbose parsed url   host: null,
115 verbose parsed url   port: null,
115 verbose parsed url   hostname: null,
115 verbose parsed url   hash: null,
115 verbose parsed url   search: null,
115 verbose parsed url   query: null,
115 verbose parsed url   pathname: 'underscore@1.7.0',
115 verbose parsed url   path: 'underscore@1.7.0',
115 verbose parsed url   href: 'underscore@1.7.0' }
116 verbose cache add [ 'underscore.string@2.3.3', null ]
117 verbose cache add name=undefined spec="underscore.string@2.3.3" args=["underscore.string@2.3.3",null]
118 verbose parsed url { protocol: null,
118 verbose parsed url   slashes: null,
118 verbose parsed url   auth: null,
118 verbose parsed url   host: null,
118 verbose parsed url   port: null,
118 verbose parsed url   hostname: null,
118 verbose parsed url   hash: null,
118 verbose parsed url   search: null,
118 verbose parsed url   query: null,
118 verbose parsed url   pathname: 'underscore.string@2.3.3',
118 verbose parsed url   path: 'underscore.string@2.3.3',
118 verbose parsed url   href: 'underscore.string@2.3.3' }
119 verbose cache add name="method-override" spec="2.3.0" args=["method-override","2.3.0"]
120 verbose parsed url { protocol: null,
120 verbose parsed url   slashes: null,
120 verbose parsed url   auth: null,
120 verbose parsed url   host: null,
120 verbose parsed url   port: null,
120 verbose parsed url   hostname: null,
120 verbose parsed url   hash: null,
120 verbose parsed url   search: null,
120 verbose parsed url   query: null,
120 verbose parsed url   pathname: '2.3.0',
120 verbose parsed url   path: '2.3.0',
120 verbose parsed url   href: '2.3.0' }
121 verbose addNamed [ 'method-override', '2.3.0' ]
122 verbose addNamed [ '2.3.0', '2.3.0' ]
123 silly lockFile d0db1aff-method-override-2-3-0 method-override@2.3.0
124 verbose lock method-override@2.3.0 /Users/leejungmin/.npm/d0db1aff-method-override-2-3-0.lock
125 silly addNameRange { name: 'bluebird',
125 silly addNameRange   range: '>=2.3.10-0 <3.0.0-0',
125 silly addNameRange   hasData: false }
126 silly addNameRange { name: 'body-parser',
126 silly addNameRange   range: '>=1.8.1-0 <1.9.0-0',
126 silly addNameRange   hasData: false }
127 silly addNameRange { name: 'cookie-parser',
127 silly addNameRange   range: '>=1.3.3-0 <1.4.0-0',
127 silly addNameRange   hasData: false }
128 silly addNameRange { name: 'debug', range: '>=2.0.0-0 <2.1.0-0', hasData: false }
129 silly addNameRange { name: 'express', range: '>=4.9.0-0 <4.10.0-0', hasData: false }
130 verbose cache add name="morgan" spec="~1.3.0" args=["morgan","~1.3.0"]
131 verbose parsed url { protocol: null,
131 verbose parsed url   slashes: null,
131 verbose parsed url   auth: null,
131 verbose parsed url   host: null,
131 verbose parsed url   port: null,
131 verbose parsed url   hostname: null,
131 verbose parsed url   hash: null,
131 verbose parsed url   search: null,
131 verbose parsed url   query: null,
131 verbose parsed url   pathname: '~1.3.0',
131 verbose parsed url   path: '~1.3.0',
131 verbose parsed url   href: '~1.3.0' }
132 verbose addNamed [ 'morgan', '~1.3.0' ]
133 verbose addNamed [ null, '>=1.3.0-0 <1.4.0-0' ]
134 silly lockFile a4a9bdf4-morgan-1-3-0 morgan@~1.3.0
135 verbose lock morgan@~1.3.0 /Users/leejungmin/.npm/a4a9bdf4-morgan-1-3-0.lock
136 verbose cache add name="pg" spec="*" args=["pg","*"]
137 verbose parsed url { protocol: null,
137 verbose parsed url   slashes: null,
137 verbose parsed url   auth: null,
137 verbose parsed url   host: null,
137 verbose parsed url   port: null,
137 verbose parsed url   hostname: null,
137 verbose parsed url   hash: null,
137 verbose parsed url   search: null,
137 verbose parsed url   query: null,
137 verbose parsed url   pathname: '*',
137 verbose parsed url   path: '*',
137 verbose parsed url   href: '*' }
138 verbose addNamed [ 'pg', '*' ]
139 verbose addNamed [ null, '*' ]
140 silly lockFile 8dbe2238-pg pg@*
141 verbose lock pg@* /Users/leejungmin/.npm/8dbe2238-pg.lock
142 verbose cache add name="serve-favicon" spec="~2.1.3" args=["serve-favicon","~2.1.3"]
143 verbose parsed url { protocol: null,
143 verbose parsed url   slashes: null,
143 verbose parsed url   auth: null,
143 verbose parsed url   host: null,
143 verbose parsed url   port: null,
143 verbose parsed url   hostname: null,
143 verbose parsed url   hash: null,
143 verbose parsed url   search: null,
143 verbose parsed url   query: null,
143 verbose parsed url   pathname: '~2.1.3',
143 verbose parsed url   path: '~2.1.3',
143 verbose parsed url   href: '~2.1.3' }
144 verbose addNamed [ 'serve-favicon', '~2.1.3' ]
145 verbose addNamed [ null, '>=2.1.3-0 <2.2.0-0' ]
146 silly lockFile 38295489-serve-favicon-2-1-3 serve-favicon@~2.1.3
147 verbose lock serve-favicon@~2.1.3 /Users/leejungmin/.npm/38295489-serve-favicon-2-1-3.lock
148 verbose cache add name="stylus" spec="0.42.3" args=["stylus","0.42.3"]
149 verbose parsed url { protocol: null,
149 verbose parsed url   slashes: null,
149 verbose parsed url   auth: null,
149 verbose parsed url   host: null,
149 verbose parsed url   port: null,
149 verbose parsed url   hostname: null,
149 verbose parsed url   hash: null,
149 verbose parsed url   search: null,
149 verbose parsed url   query: null,
149 verbose parsed url   pathname: '0.42.3',
149 verbose parsed url   path: '0.42.3',
149 verbose parsed url   href: '0.42.3' }
150 verbose addNamed [ 'stylus', '0.42.3' ]
151 verbose addNamed [ '0.42.3', '0.42.3' ]
152 silly lockFile fb5b2923-stylus-0-42-3 stylus@0.42.3
153 verbose lock stylus@0.42.3 /Users/leejungmin/.npm/fb5b2923-stylus-0-42-3.lock
154 verbose cache add name="underscore" spec="1.7.0" args=["underscore","1.7.0"]
155 verbose parsed url { protocol: null,
155 verbose parsed url   slashes: null,
155 verbose parsed url   auth: null,
155 verbose parsed url   host: null,
155 verbose parsed url   port: null,
155 verbose parsed url   hostname: null,
155 verbose parsed url   hash: null,
155 verbose parsed url   search: null,
155 verbose parsed url   query: null,
155 verbose parsed url   pathname: '1.7.0',
155 verbose parsed url   path: '1.7.0',
155 verbose parsed url   href: '1.7.0' }
156 verbose addNamed [ 'underscore', '1.7.0' ]
157 verbose addNamed [ '1.7.0', '1.7.0' ]
158 silly lockFile 900da168-underscore-1-7-0 underscore@1.7.0
159 verbose lock underscore@1.7.0 /Users/leejungmin/.npm/900da168-underscore-1-7-0.lock
160 verbose cache add name="underscore.string" spec="2.3.3" args=["underscore.string","2.3.3"]
161 verbose parsed url { protocol: null,
161 verbose parsed url   slashes: null,
161 verbose parsed url   auth: null,
161 verbose parsed url   host: null,
161 verbose parsed url   port: null,
161 verbose parsed url   hostname: null,
161 verbose parsed url   hash: null,
161 verbose parsed url   search: null,
161 verbose parsed url   query: null,
161 verbose parsed url   pathname: '2.3.3',
161 verbose parsed url   path: '2.3.3',
161 verbose parsed url   href: '2.3.3' }
162 verbose addNamed [ 'underscore.string', '2.3.3' ]
163 verbose addNamed [ '2.3.3', '2.3.3' ]
164 silly lockFile a37b16cb-underscore-string-2-3-3 underscore.string@2.3.3
165 verbose lock underscore.string@2.3.3 /Users/leejungmin/.npm/a37b16cb-underscore-string-2-3-3.lock
166 verbose request where is /bookshelf
167 verbose request registry https://registry.npmjs.org/
168 verbose request id ae1b03fa87c0659c
169 verbose url raw /bookshelf
170 verbose url resolving [ 'https://registry.npmjs.org/', './bookshelf' ]
171 verbose url resolved https://registry.npmjs.org/bookshelf
172 verbose request where is https://registry.npmjs.org/bookshelf
173 info trying registry request attempt 1 at 17:44:25
174 http GET https://registry.npmjs.org/bookshelf
175 verbose request where is /connect-multiparty
176 verbose request registry https://registry.npmjs.org/
177 verbose url raw /connect-multiparty
178 verbose url resolving [ 'https://registry.npmjs.org/', './connect-multiparty' ]
179 verbose url resolved https://registry.npmjs.org/connect-multiparty
180 verbose request where is https://registry.npmjs.org/connect-multiparty
181 info trying registry request attempt 1 at 17:44:25
182 http GET https://registry.npmjs.org/connect-multiparty
183 silly addNameRange { name: 'hbs', range: '>=2.7.0-0 <2.8.0-0', hasData: false }
184 verbose request where is /express-session
185 verbose request registry https://registry.npmjs.org/
186 verbose url raw /express-session
187 verbose url resolving [ 'https://registry.npmjs.org/', './express-session' ]
188 verbose url resolved https://registry.npmjs.org/express-session
189 verbose request where is https://registry.npmjs.org/express-session
190 info trying registry request attempt 1 at 17:44:25
191 http GET https://registry.npmjs.org/express-session
192 verbose request where is /hbs
193 verbose request registry https://registry.npmjs.org/
194 verbose url raw /hbs
195 verbose url resolving [ 'https://registry.npmjs.org/', './hbs' ]
196 verbose url resolved https://registry.npmjs.org/hbs
197 verbose request where is https://registry.npmjs.org/hbs
198 info trying registry request attempt 1 at 17:44:25
199 http GET https://registry.npmjs.org/hbs
200 silly addNameRange { name: 'morgan', range: '>=1.3.0-0 <1.4.0-0', hasData: false }
201 silly addNameRange { name: 'pg', range: '*', hasData: false }
202 silly addNameRange { name: 'serve-favicon',
202 silly addNameRange   range: '>=2.1.3-0 <2.2.0-0',
202 silly addNameRange   hasData: false }
203 verbose request where is /method-override
204 verbose request registry https://registry.npmjs.org/
205 verbose url raw /method-override
206 verbose url resolving [ 'https://registry.npmjs.org/', './method-override' ]
207 verbose url resolved https://registry.npmjs.org/method-override
208 verbose request where is https://registry.npmjs.org/method-override
209 info trying registry request attempt 1 at 17:44:25
210 http GET https://registry.npmjs.org/method-override
211 verbose request where is /pg
212 verbose request registry https://registry.npmjs.org/
213 verbose url raw /pg
214 verbose url resolving [ 'https://registry.npmjs.org/', './pg' ]
215 verbose url resolved https://registry.npmjs.org/pg
216 verbose request where is https://registry.npmjs.org/pg
217 info trying registry request attempt 1 at 17:44:25
218 http GET https://registry.npmjs.org/pg
219 verbose request where is /body-parser
220 verbose request registry https://registry.npmjs.org/
221 verbose url raw /body-parser
222 verbose url resolving [ 'https://registry.npmjs.org/', './body-parser' ]
223 verbose url resolved https://registry.npmjs.org/body-parser
224 verbose request where is https://registry.npmjs.org/body-parser
225 info trying registry request attempt 1 at 17:44:25
226 verbose etag "2Z3MRRW3UTD2PGDGVXU6ZKF4D"
227 http GET https://registry.npmjs.org/body-parser
228 verbose request where is /cookie-parser
229 verbose request registry https://registry.npmjs.org/
230 verbose url raw /cookie-parser
231 verbose url resolving [ 'https://registry.npmjs.org/', './cookie-parser' ]
232 verbose url resolved https://registry.npmjs.org/cookie-parser
233 verbose request where is https://registry.npmjs.org/cookie-parser
234 info trying registry request attempt 1 at 17:44:25
235 verbose etag "D2I21Z55J0M83YHA636O1DW9K"
236 http GET https://registry.npmjs.org/cookie-parser
237 verbose request where is /debug
238 verbose request registry https://registry.npmjs.org/
239 verbose url raw /debug
240 verbose url resolving [ 'https://registry.npmjs.org/', './debug' ]
241 verbose url resolved https://registry.npmjs.org/debug
242 verbose request where is https://registry.npmjs.org/debug
243 info trying registry request attempt 1 at 17:44:25
244 verbose etag "8C4NFFNY3F2M0FYXLZ7JA7L3Y"
245 http GET https://registry.npmjs.org/debug
246 verbose request where is /bluebird
247 verbose request registry https://registry.npmjs.org/
248 verbose url raw /bluebird
249 verbose url resolving [ 'https://registry.npmjs.org/', './bluebird' ]
250 verbose url resolved https://registry.npmjs.org/bluebird
251 verbose request where is https://registry.npmjs.org/bluebird
252 info trying registry request attempt 1 at 17:44:25
253 verbose etag "1TEFB8LME2MNU4VLH6LU7IS3O"
254 http GET https://registry.npmjs.org/bluebird
255 verbose request where is /express
256 verbose request registry https://registry.npmjs.org/
257 verbose url raw /express
258 verbose url resolving [ 'https://registry.npmjs.org/', './express' ]
259 verbose url resolved https://registry.npmjs.org/express
260 verbose request where is https://registry.npmjs.org/express
261 info trying registry request attempt 1 at 17:44:25
262 verbose etag "CVSH4GRSO3F584WNHR3DO1T4J"
263 http GET https://registry.npmjs.org/express
264 verbose request where is /knex
265 verbose request registry https://registry.npmjs.org/
266 verbose url raw /knex
267 verbose url resolving [ 'https://registry.npmjs.org/', './knex' ]
268 verbose url resolved https://registry.npmjs.org/knex
269 verbose request where is https://registry.npmjs.org/knex
270 info trying registry request attempt 1 at 17:44:25
271 verbose etag "C90G5FOSGNMK21LG0GSV24NNY"
272 http GET https://registry.npmjs.org/knex
273 verbose request where is /morgan
274 verbose request registry https://registry.npmjs.org/
275 verbose url raw /morgan
276 verbose url resolving [ 'https://registry.npmjs.org/', './morgan' ]
277 verbose url resolved https://registry.npmjs.org/morgan
278 verbose request where is https://registry.npmjs.org/morgan
279 info trying registry request attempt 1 at 17:44:25
280 verbose etag "9XCRWUDGXSRP5O4MDP1T9VN3W"
281 http GET https://registry.npmjs.org/morgan
282 verbose request where is /serve-favicon
283 verbose request registry https://registry.npmjs.org/
284 verbose url raw /serve-favicon
285 verbose url resolving [ 'https://registry.npmjs.org/', './serve-favicon' ]
286 verbose url resolved https://registry.npmjs.org/serve-favicon
287 verbose request where is https://registry.npmjs.org/serve-favicon
288 info trying registry request attempt 1 at 17:44:25
289 verbose etag "DQNCEOV1TU804V1DNRWACLPFP"
290 http GET https://registry.npmjs.org/serve-favicon
291 verbose request where is /underscore.string
292 verbose request registry https://registry.npmjs.org/
293 verbose url raw /underscore.string
294 verbose url resolving [ 'https://registry.npmjs.org/', './underscore.string' ]
295 verbose url resolved https://registry.npmjs.org/underscore.string
296 verbose request where is https://registry.npmjs.org/underscore.string
297 info trying registry request attempt 1 at 17:44:25
298 verbose etag "EYMDBUASA01IVHX5XOB75396P"
299 http GET https://registry.npmjs.org/underscore.string
300 verbose request where is /stylus
301 verbose request registry https://registry.npmjs.org/
302 verbose url raw /stylus
303 verbose url resolving [ 'https://registry.npmjs.org/', './stylus' ]
304 verbose url resolved https://registry.npmjs.org/stylus
305 verbose request where is https://registry.npmjs.org/stylus
306 info trying registry request attempt 1 at 17:44:25
307 verbose etag "64U2NATOAT1BI85V1DI1R3CGJ"
308 http GET https://registry.npmjs.org/stylus
309 verbose request where is /underscore
310 verbose request registry https://registry.npmjs.org/
311 verbose url raw /underscore
312 verbose url resolving [ 'https://registry.npmjs.org/', './underscore' ]
313 verbose url resolved https://registry.npmjs.org/underscore
314 verbose request where is https://registry.npmjs.org/underscore
315 info trying registry request attempt 1 at 17:44:25
316 verbose etag "8VGMAXOWQHY8S4FUW8H982PST"
317 http GET https://registry.npmjs.org/underscore
318 http 200 https://registry.npmjs.org/method-override
319 silly registry.get cb [ 200,
319 silly registry.get   { date: 'Mon, 03 Nov 2014 08:44:25 GMT',
319 silly registry.get     server: 'CouchDB/1.5.0 (Erlang OTP/R16B03)',
319 silly registry.get     etag: '"ARSLRG3HPV6L40NZ27OSUG5GE"',
319 silly registry.get     'content-type': 'application/json',
319 silly registry.get     'cache-control': 'max-age=60',
319 silly registry.get     'content-length': '27197',
319 silly registry.get     'accept-ranges': 'bytes',
319 silly registry.get     via: '1.1 varnish',
319 silly registry.get     age: '11',
319 silly registry.get     'x-served-by': 'cache-ty68-TYO',
319 silly registry.get     'x-cache': 'HIT',
319 silly registry.get     'x-cache-hits': '11',
319 silly registry.get     'x-timer': 'S1415004265.265735,VS0,VE0',
319 silly registry.get     vary: 'Accept',
319 silly registry.get     'keep-alive': 'timeout=10, max=50',
319 silly registry.get     connection: 'Keep-Alive' } ]
320 silly lockFile 3bbfb5fd-erride-method-override-2-3-0-tgz https://registry.npmjs.org/method-override/-/method-override-2.3.0.tgz
321 verbose lock https://registry.npmjs.org/method-override/-/method-override-2.3.0.tgz /Users/leejungmin/.npm/3bbfb5fd-erride-method-override-2-3-0-tgz.lock
322 verbose addRemoteTarball [ 'https://registry.npmjs.org/method-override/-/method-override-2.3.0.tgz',
322 verbose addRemoteTarball   'fe820769594247ede8a6ca87b8eaa413084e595e' ]
323 info retry fetch attempt 1 at 17:44:25
324 verbose fetch to= /var/folders/d9/wg9hct1122x6k2jw69q3vr9w0000gn/T/npm-3739-MWsIxVRM/registry.npmjs.org/method-override/-/method-override-2.3.0.tgz
325 http GET https://registry.npmjs.org/method-override/-/method-override-2.3.0.tgz
326 http 200 https://registry.npmjs.org/hbs
327 silly registry.get cb [ 200,
327 silly registry.get   { date: 'Mon, 03 Nov 2014 08:44:25 GMT',
327 silly registry.get     server: 'CouchDB/1.5.0 (Erlang OTP/R16B03)',
327 silly registry.get     etag: '"6EYSF2PIOI9W01JW1VARDACE2"',
327 silly registry.get     'content-type': 'application/json',
327 silly registry.get     'cache-control': 'max-age=60',
327 silly registry.get     'content-length': '30483',
327 silly registry.get     'accept-ranges': 'bytes',
327 silly registry.get     via: '1.1 varnish',
327 silly registry.get     age: '0',
327 silly registry.get     'x-served-by': 'cache-ty66-TYO',
327 silly registry.get     'x-cache': 'HIT',
327 silly registry.get     'x-cache-hits': '1',
327 silly registry.get     'x-timer': 'S1415004265.265615,VS0,VE125',
327 silly registry.get     vary: 'Accept',
327 silly registry.get     'keep-alive': 'timeout=10, max=50',
327 silly registry.get     connection: 'Keep-Alive' } ]
328 silly addNameRange number 2 { name: 'hbs', range: '>=2.7.0-0 <2.8.0-0', hasData: true }
329 silly addNameRange versions [ 'hbs',
329 silly addNameRange   [ '0.0.2-1',
329 silly addNameRange     '0.0.2-2',
329 silly addNameRange     '0.0.2-3',
329 silly addNameRange     '0.0.3',
329 silly addNameRange     '0.0.3-1',
329 silly addNameRange     '0.0.3-2',
329 silly addNameRange     '0.0.3-3',
329 silly addNameRange     '0.0.3-4',
329 silly addNameRange     '0.0.4',
329 silly addNameRange     '0.0.5',
329 silly addNameRange     '0.0.6',
329 silly addNameRange     '0.0.7',
329 silly addNameRange     '1.0.0',
329 silly addNameRange     '1.0.1',
329 silly addNameRange     '1.0.2',
329 silly addNameRange     '1.0.3',
329 silly addNameRange     '1.0.4',
329 silly addNameRange     '1.0.5',
329 silly addNameRange     '1.0.6',
329 silly addNameRange     '1.0.7',
329 silly addNameRange     '1.0.8',
329 silly addNameRange     '1.0.9',
329 silly addNameRange     '2.0.0',
329 silly addNameRange     '2.0.1',
329 silly addNameRange     '2.0.2',
329 silly addNameRange     '2.1.0',
329 silly addNameRange     '2.3.0',
329 silly addNameRange     '2.3.1',
329 silly addNameRange     '2.4.0',
329 silly addNameRange     '2.5.0',
329 silly addNameRange     '2.6.0',
329 silly addNameRange     '2.7.0' ] ]
330 verbose addNamed [ 'hbs', '2.7.0' ]
331 verbose addNamed [ '2.7.0', '2.7.0' ]
332 silly lockFile b2830c69-hbs-2-7-0 hbs@2.7.0
333 verbose lock hbs@2.7.0 /Users/leejungmin/.npm/b2830c69-hbs-2-7-0.lock
334 silly lockFile 21264906-stry-npmjs-org-hbs-hbs-2-7-0-tgz https://registry.npmjs.org/hbs/-/hbs-2.7.0.tgz
335 verbose lock https://registry.npmjs.org/hbs/-/hbs-2.7.0.tgz /Users/leejungmin/.npm/21264906-stry-npmjs-org-hbs-hbs-2-7-0-tgz.lock
336 verbose addRemoteTarball [ 'https://registry.npmjs.org/hbs/-/hbs-2.7.0.tgz',
336 verbose addRemoteTarball   'af7b18a1315ce4f80a683467313b5224f4830e5a' ]
337 info retry fetch attempt 1 at 17:44:25
338 verbose fetch to= /var/folders/d9/wg9hct1122x6k2jw69q3vr9w0000gn/T/npm-3739-MWsIxVRM/registry.npmjs.org/hbs/-/hbs-2.7.0.tgz
339 http GET https://registry.npmjs.org/hbs/-/hbs-2.7.0.tgz
340 http 200 https://registry.npmjs.org/method-override/-/method-override-2.3.0.tgz
341 silly lockFile 3bbfb5fd-erride-method-override-2-3-0-tgz https://registry.npmjs.org/method-override/-/method-override-2.3.0.tgz
342 silly lockFile 3bbfb5fd-erride-method-override-2-3-0-tgz https://registry.npmjs.org/method-override/-/method-override-2.3.0.tgz
343 silly lockFile d0db1aff-method-override-2-3-0 method-override@2.3.0
344 silly lockFile d0db1aff-method-override-2-3-0 method-override@2.3.0
345 http 200 https://registry.npmjs.org/connect-multiparty
346 silly registry.get cb [ 200,
346 silly registry.get   { date: 'Mon, 03 Nov 2014 08:44:25 GMT',
346 silly registry.get     server: 'CouchDB/1.5.0 (Erlang OTP/R16B03)',
346 silly registry.get     etag: '"3NDN1FV49GX7KOO7Z3FWAXC5T"',
346 silly registry.get     'content-type': 'application/json',
346 silly registry.get     'cache-control': 'max-age=60',
346 silly registry.get     'content-length': '19939',
346 silly registry.get     'accept-ranges': 'bytes',
346 silly registry.get     via: '1.1 varnish',
346 silly registry.get     age: '0',
346 silly registry.get     'x-served-by': 'cache-ty67-TYO',
346 silly registry.get     'x-cache': 'HIT',
346 silly registry.get     'x-cache-hits': '1',
346 silly registry.get     'x-timer': 'S1415004265.270516,VS0,VE198',
346 silly registry.get     vary: 'Accept',
346 silly registry.get     'keep-alive': 'timeout=10, max=50',
346 silly registry.get     connection: 'Keep-Alive' } ]
347 silly lockFile 046486c5-rty-connect-multiparty-1-2-5-tgz https://registry.npmjs.org/connect-multiparty/-/connect-multiparty-1.2.5.tgz
348 verbose lock https://registry.npmjs.org/connect-multiparty/-/connect-multiparty-1.2.5.tgz /Users/leejungmin/.npm/046486c5-rty-connect-multiparty-1-2-5-tgz.lock
349 verbose addRemoteTarball [ 'https://registry.npmjs.org/connect-multiparty/-/connect-multiparty-1.2.5.tgz',
349 verbose addRemoteTarball   '2fabecfdc1a8a774ba19484dce660c818a8555e7' ]
350 info retry fetch attempt 1 at 17:44:25
351 verbose fetch to= /var/folders/d9/wg9hct1122x6k2jw69q3vr9w0000gn/T/npm-3739-MWsIxVRM/registry.npmjs.org/connect-multiparty/-/connect-multiparty-1.2.5.tgz
352 http GET https://registry.npmjs.org/connect-multiparty/-/connect-multiparty-1.2.5.tgz
353 http 304 https://registry.npmjs.org/cookie-parser
354 silly registry.get cb [ 304,
354 silly registry.get   { date: 'Mon, 03 Nov 2014 08:44:25 GMT',
354 silly registry.get     server: 'Apache',
354 silly registry.get     via: '1.1 varnish',
354 silly registry.get     'last-modified': 'Mon, 03 Nov 2014 08:44:08 GMT',
354 silly registry.get     'cache-control': 'max-age=60',
354 silly registry.get     etag: '"D2I21Z55J0M83YHA636O1DW9K"',
354 silly registry.get     age: '17',
354 silly registry.get     'x-served-by': 'cache-ty67-TYO',
354 silly registry.get     'x-cache': 'HIT',
354 silly registry.get     'x-cache-hits': '2',
354 silly registry.get     'x-timer': 'S1415004265.554277,VS0,VE0',
354 silly registry.get     vary: 'Accept',
354 silly registry.get     'content-length': '0',
354 silly registry.get     'keep-alive': 'timeout=10, max=49',
354 silly registry.get     connection: 'Keep-Alive' } ]
355 verbose etag https://registry.npmjs.org/cookie-parser from cache
356 silly addNameRange number 2 { name: 'cookie-parser',
356 silly addNameRange   range: '>=1.3.3-0 <1.4.0-0',
356 silly addNameRange   hasData: true }
357 silly addNameRange versions [ 'cookie-parser',
357 silly addNameRange   [ '1.0.0',
357 silly addNameRange     '1.0.1',
357 silly addNameRange     '1.1.0',
357 silly addNameRange     '1.2.0',
357 silly addNameRange     '1.3.0',
357 silly addNameRange     '1.3.1',
357 silly addNameRange     '1.3.2',
357 silly addNameRange     '1.3.3' ] ]
358 verbose addNamed [ 'cookie-parser', '1.3.3' ]
359 verbose addNamed [ '1.3.3', '1.3.3' ]
360 silly lockFile 68450bd4-cookie-parser-1-3-3 cookie-parser@1.3.3
361 verbose lock cookie-parser@1.3.3 /Users/leejungmin/.npm/68450bd4-cookie-parser-1-3-3.lock
362 silly lockFile 68450bd4-cookie-parser-1-3-3 cookie-parser@1.3.3
363 silly lockFile 68450bd4-cookie-parser-1-3-3 cookie-parser@1.3.3
364 silly lockFile bf5babd8-cookie-parser-1-3-3 cookie-parser@~1.3.3
365 silly lockFile bf5babd8-cookie-parser-1-3-3 cookie-parser@~1.3.3
366 http 200 https://registry.npmjs.org/bookshelf
367 silly registry.get cb [ 200,
367 silly registry.get   { date: 'Mon, 03 Nov 2014 08:44:25 GMT',
367 silly registry.get     server: 'CouchDB/1.5.0 (Erlang OTP/R14B04)',
367 silly registry.get     etag: '"9VOR70KA3YOBJM9N0OJ2D4DW0"',
367 silly registry.get     'content-type': 'application/json',
367 silly registry.get     'cache-control': 'max-age=60',
367 silly registry.get     'content-length': '83880',
367 silly registry.get     'accept-ranges': 'bytes',
367 silly registry.get     via: '1.1 varnish',
367 silly registry.get     age: '0',
367 silly registry.get     'x-served-by': 'cache-ty67-TYO',
367 silly registry.get     'x-cache': 'HIT',
367 silly registry.get     'x-cache-hits': '1',
367 silly registry.get     'x-timer': 'S1415004265.260342,VS0,VE188',
367 silly registry.get     vary: 'Accept',
367 silly registry.get     'keep-alive': 'timeout=10, max=50',
367 silly registry.get     connection: 'Keep-Alive' } ]
368 silly lockFile 8554d4f5-rg-bookshelf-bookshelf-0-7-7-tgz https://registry.npmjs.org/bookshelf/-/bookshelf-0.7.7.tgz
369 verbose lock https://registry.npmjs.org/bookshelf/-/bookshelf-0.7.7.tgz /Users/leejungmin/.npm/8554d4f5-rg-bookshelf-bookshelf-0-7-7-tgz.lock
370 verbose addRemoteTarball [ 'https://registry.npmjs.org/bookshelf/-/bookshelf-0.7.7.tgz',
370 verbose addRemoteTarball   '573e29c1c85eb4261b899f5731bc40dff01dfc73' ]
371 info retry fetch attempt 1 at 17:44:25
372 verbose fetch to= /var/folders/d9/wg9hct1122x6k2jw69q3vr9w0000gn/T/npm-3739-MWsIxVRM/registry.npmjs.org/bookshelf/-/bookshelf-0.7.7.tgz
373 http GET https://registry.npmjs.org/bookshelf/-/bookshelf-0.7.7.tgz
374 http 200 https://registry.npmjs.org/hbs/-/hbs-2.7.0.tgz
375 silly lockFile 21264906-stry-npmjs-org-hbs-hbs-2-7-0-tgz https://registry.npmjs.org/hbs/-/hbs-2.7.0.tgz
376 silly lockFile 21264906-stry-npmjs-org-hbs-hbs-2-7-0-tgz https://registry.npmjs.org/hbs/-/hbs-2.7.0.tgz
377 silly lockFile b2830c69-hbs-2-7-0 hbs@2.7.0
378 silly lockFile b2830c69-hbs-2-7-0 hbs@2.7.0
379 silly lockFile 6b673cf1-hbs-2-7-0 hbs@~2.7.0
380 silly lockFile 6b673cf1-hbs-2-7-0 hbs@~2.7.0
381 http 200 https://registry.npmjs.org/debug
382 silly registry.get cb [ 200,
382 silly registry.get   { date: 'Mon, 03 Nov 2014 08:44:25 GMT',
382 silly registry.get     server: 'CouchDB/1.5.0 (Erlang OTP/R16B03)',
382 silly registry.get     etag: '"BWMD72JWBAIND5V8QRU6MMLCL"',
382 silly registry.get     'content-type': 'application/json',
382 silly registry.get     'cache-control': 'max-age=60',
382 silly registry.get     'content-length': '28186',
382 silly registry.get     'accept-ranges': 'bytes',
382 silly registry.get     via: '1.1 varnish',
382 silly registry.get     age: '32',
382 silly registry.get     'x-served-by': 'cache-ty67-TYO',
382 silly registry.get     'x-cache': 'HIT',
382 silly registry.get     'x-cache-hits': '5',
382 silly registry.get     'x-timer': 'S1415004265.597290,VS0,VE0',
382 silly registry.get     vary: 'Accept',
382 silly registry.get     'keep-alive': 'timeout=10, max=48',
382 silly registry.get     connection: 'Keep-Alive' } ]
383 silly addNameRange number 2 { name: 'debug', range: '>=2.0.0-0 <2.1.0-0', hasData: true }
384 silly addNameRange versions [ 'debug',
384 silly addNameRange   [ '0.0.1',
384 silly addNameRange     '0.1.0',
384 silly addNameRange     '0.2.0',
384 silly addNameRange     '0.3.0',
384 silly addNameRange     '0.4.0',
384 silly addNameRange     '0.4.1',
384 silly addNameRange     '0.5.0',
384 silly addNameRange     '0.6.0',
384 silly addNameRange     '0.7.0',
384 silly addNameRange     '0.7.1',
384 silly addNameRange     '0.7.2',
384 silly addNameRange     '0.7.3',
384 silly addNameRange     '0.7.4',
384 silly addNameRange     '0.8.0',
384 silly addNameRange     '0.8.1',
384 silly addNameRange     '1.0.0',
384 silly addNameRange     '1.0.1',
384 silly addNameRange     '1.0.2',
384 silly addNameRange     '1.0.3',
384 silly addNameRange     '1.0.4',
384 silly addNameRange     '2.0.0',
384 silly addNameRange     '2.1.0' ] ]
385 verbose addNamed [ 'debug', '2.0.0' ]
386 verbose addNamed [ '2.0.0', '2.0.0' ]
387 silly lockFile 095bd820-debug-2-0-0 debug@2.0.0
388 verbose lock debug@2.0.0 /Users/leejungmin/.npm/095bd820-debug-2-0-0.lock
389 silly lockFile 095bd820-debug-2-0-0 debug@2.0.0
390 silly lockFile 095bd820-debug-2-0-0 debug@2.0.0
391 silly lockFile 12b6356d-debug-2-0-0 debug@~2.0.0
392 silly lockFile 12b6356d-debug-2-0-0 debug@~2.0.0
393 http 200 https://registry.npmjs.org/pg
394 silly registry.get cb [ 200,
394 silly registry.get   { date: 'Mon, 03 Nov 2014 08:44:25 GMT',
394 silly registry.get     server: 'CouchDB/1.5.0 (Erlang OTP/R16B03)',
394 silly registry.get     etag: '"2NB2VMIJ3AH646K8SGAUD7KUS"',
394 silly registry.get     'content-type': 'application/json',
394 silly registry.get     'cache-control': 'max-age=60',
394 silly registry.get     'content-length': '123785',
394 silly registry.get     'accept-ranges': 'bytes',
394 silly registry.get     via: '1.1 varnish',
394 silly registry.get     age: '0',
394 silly registry.get     'x-served-by': 'cache-ty68-TYO',
394 silly registry.get     'x-cache': 'HIT',
394 silly registry.get     'x-cache-hits': '1',
394 silly registry.get     'x-timer': 'S1415004265.352081,VS0,VE172',
394 silly registry.get     vary: 'Accept',
394 silly registry.get     'keep-alive': 'timeout=10, max=49',
394 silly registry.get     connection: 'Keep-Alive' } ]
395 silly addNameRange number 2 { name: 'pg', range: '*', hasData: true }
396 silly addNameRange versions [ 'pg',
396 silly addNameRange   [ '0.4.1',
396 silly addNameRange     '0.5.0',
396 silly addNameRange     '0.5.1',
396 silly addNameRange     '0.5.2',
396 silly addNameRange     '0.5.3',
396 silly addNameRange     '0.5.4',
396 silly addNameRange     '0.5.5',
396 silly addNameRange     '0.5.6',
396 silly addNameRange     '0.5.7',
396 silly addNameRange     '0.5.8',
396 silly addNameRange     '0.6.0',
396 silly addNameRange     '0.6.1',
396 silly addNameRange     '0.6.2',
396 silly addNameRange     '0.6.3',
396 silly addNameRange     '0.6.4',
396 silly addNameRange     '0.6.5',
396 silly addNameRange     '0.6.6',
396 silly addNameRange     '0.6.7',
396 silly addNameRange     '0.6.8',
396 silly addNameRange     '0.6.9',
396 silly addNameRange     '0.6.10',
396 silly addNameRange     '0.6.11',
396 silly addNameRange     '0.6.12',
396 silly addNameRange     '0.6.13',
396 silly addNameRange     '0.6.14',
396 silly addNameRange     '0.6.15',
396 silly addNameRange     '0.6.16',
396 silly addNameRange     '0.6.17',
396 silly addNameRange     '0.6.18',
396 silly addNameRange     '0.7.0',
396 silly addNameRange     '0.7.1',
396 silly addNameRange     '0.7.2',
396 silly addNameRange     '0.8.0',
396 silly addNameRange     '0.8.1',
396 silly addNameRange     '0.8.2',
396 silly addNameRange     '0.8.3',
396 silly addNameRange     '0.8.4',
396 silly addNameRange     '0.8.6',
396 silly addNameRange     '0.8.7',
396 silly addNameRange     '0.8.8',
396 silly addNameRange     '0.9.0',
396 silly addNameRange     '0.10.0',
396 silly addNameRange     '0.10.2',
396 silly addNameRange     '0.11.1',
396 silly addNameRange     '0.11.2',
396 silly addNameRange     '0.11.3',
396 silly addNameRange     '0.12.0',
396 silly addNameRange     '0.12.1',
396 silly addNameRange     '0.12.3',
396 silly addNameRange     '0.13.0',
396 silly addNameRange     '0.13.1',
396 silly addNameRange     '0.13.3',
396 silly addNameRange     '0.14.0',
396 silly addNameRange     '0.14.1',
396 silly addNameRange     '0.15.0',
396 silly addNameRange     '0.15.1',
396 silly addNameRange     '1.0.0',
396 silly addNameRange     '1.0.1',
396 silly addNameRange     '1.0.2',
396 silly addNameRange     '1.0.3',
396 silly addNameRange     '1.0.4',
396 silly addNameRange     '1.1.0',
396 silly addNameRange     '1.1.1',
396 silly addNameRange     '1.1.2',
396 silly addNameRange     '1.1.3',
396 silly addNameRange     '1.2.0',
396 silly addNameRange     '1.3.0',
396 silly addNameRange     '2.0.0',
396 silly addNameRange     '2.1.0',
396 silly addNameRange     '2.2.0',
396 silly addNameRange     '2.3.0',
396 silly addNameRange     '2.3.1',
396 silly addNameRange     '2.4.0',
396 silly addNameRange     '2.5.0',
396 silly addNameRange     '2.5.1',
396 silly addNameRange     '2.6.0',
396 silly addNameRange     '2.6.1',
396 silly addNameRange     '2.6.2',
396 silly addNameRange     '2.7.0',
396 silly addNameRange     '2.8.0',
396 silly addNameRange     '2.8.1',
396 silly addNameRange     '2.8.2',
396 silly addNameRange     '2.8.3',
396 silly addNameRange     '2.8.4',
396 silly addNameRange     '2.8.5',
396 silly addNameRange     '2.9.0',
396 silly addNameRange     '2.10.0',
396 silly addNameRange     '2.11.0',
396 silly addNameRange     '2.11.1',
396 silly addNameRange     '3.0.2',
396 silly addNameRange     '3.0.3',
396 silly addNameRange     '3.1.0',
396 silly addNameRange     '3.2.0',
396 silly addNameRange     '3.3.0',
396 silly addNameRange     '3.4.0',
396 silly addNameRange     '3.4.1',
396 silly addNameRange     '3.4.2',
396 silly addNameRange     '3.4.3',
396 silly addNameRange     '3.4.4',
396 silly addNameRange     '3.4.5',
396 silly addNameRange     '3.5.0',
396 silly addNameRange     '3.6.0',
396 silly addNameRange     '4.0.0-beta2',
396 silly addNameRange     '3.6.1',
396 silly addNameRange     '3.6.2' ] ]
397 verbose addNamed [ 'pg', '3.6.2' ]
398 verbose addNamed [ '3.6.2', '3.6.2' ]
399 silly lockFile cf59ca42-pg-3-6-2 pg@3.6.2
400 verbose lock pg@3.6.2 /Users/leejungmin/.npm/cf59ca42-pg-3-6-2.lock
401 silly lockFile 1a12d06a-gistry-npmjs-org-pg-pg-3-6-2-tgz https://registry.npmjs.org/pg/-/pg-3.6.2.tgz
402 verbose lock https://registry.npmjs.org/pg/-/pg-3.6.2.tgz /Users/leejungmin/.npm/1a12d06a-gistry-npmjs-org-pg-pg-3-6-2-tgz.lock
403 verbose addRemoteTarball [ 'https://registry.npmjs.org/pg/-/pg-3.6.2.tgz',
403 verbose addRemoteTarball   '8802affe61a1bf597be29734bcd301a8e7a85351' ]
404 info retry fetch attempt 1 at 17:44:25
405 verbose fetch to= /var/folders/d9/wg9hct1122x6k2jw69q3vr9w0000gn/T/npm-3739-MWsIxVRM/registry.npmjs.org/pg/-/pg-3.6.2.tgz
406 http GET https://registry.npmjs.org/pg/-/pg-3.6.2.tgz
407 http 200 https://registry.npmjs.org/connect-multiparty/-/connect-multiparty-1.2.5.tgz
408 silly lockFile 046486c5-rty-connect-multiparty-1-2-5-tgz https://registry.npmjs.org/connect-multiparty/-/connect-multiparty-1.2.5.tgz
409 silly lockFile 046486c5-rty-connect-multiparty-1-2-5-tgz https://registry.npmjs.org/connect-multiparty/-/connect-multiparty-1.2.5.tgz
410 silly lockFile 504292ad-connect-multiparty-1-2-5 connect-multiparty@1.2.5
411 silly lockFile 504292ad-connect-multiparty-1-2-5 connect-multiparty@1.2.5
412 http 200 https://registry.npmjs.org/bluebird
413 silly registry.get cb [ 200,
413 silly registry.get   { date: 'Mon, 03 Nov 2014 08:44:25 GMT',
413 silly registry.get     server: 'CouchDB/1.5.0 (Erlang OTP/R16B03)',
413 silly registry.get     etag: '"4Z1E22IX56LYIVN5HZ9VEIPTR"',
413 silly registry.get     'content-type': 'application/json',
413 silly registry.get     'cache-control': 'max-age=60',
413 silly registry.get     'content-length': '234924',
413 silly registry.get     'accept-ranges': 'bytes',
413 silly registry.get     via: '1.1 varnish',
413 silly registry.get     age: '24',
413 silly registry.get     'x-served-by': 'cache-ty67-TYO',
413 silly registry.get     'x-cache': 'HIT',
413 silly registry.get     'x-cache-hits': '2',
413 silly registry.get     'x-timer': 'S1415004265.617070,VS0,VE0',
413 silly registry.get     vary: 'Accept',
413 silly registry.get     'keep-alive': 'timeout=10, max=49',
413 silly registry.get     connection: 'Keep-Alive' } ]
414 http 200 https://registry.npmjs.org/body-parser
415 silly registry.get cb [ 200,
415 silly registry.get   { date: 'Mon, 03 Nov 2014 08:44:25 GMT',
415 silly registry.get     server: 'CouchDB/1.5.0 (Erlang OTP/R14B04)',
415 silly registry.get     etag: '"31NOWALYE5KS8CUXXM9FZZM0H"',
415 silly registry.get     'content-type': 'application/json',
415 silly registry.get     'cache-control': 'max-age=60',
415 silly registry.get     'content-length': '71579',
415 silly registry.get     'accept-ranges': 'bytes',
415 silly registry.get     via: '1.1 varnish',
415 silly registry.get     age: '0',
415 silly registry.get     'x-served-by': 'cache-ty66-TYO',
415 silly registry.get     'x-cache': 'HIT',
415 silly registry.get     'x-cache-hits': '1',
415 silly registry.get     'x-timer': 'S1415004265.477392,VS0,VE184',
415 silly registry.get     vary: 'Accept',
415 silly registry.get     'keep-alive': 'timeout=10, max=49',
415 silly registry.get     connection: 'Keep-Alive' } ]
416 http 200 https://registry.npmjs.org/bookshelf/-/bookshelf-0.7.7.tgz
417 silly addNameRange number 2 { name: 'bluebird', range: '>=2.3.10-0 <3.0.0-0', hasData: true }
418 silly addNameRange versions [ 'bluebird',
418 silly addNameRange   [ '0.7.1-1',
418 silly addNameRange     '0.7.1-2',
418 silly addNameRange     '0.7.1-3',
418 silly addNameRange     '0.7.1-4',
418 silly addNameRange     '0.7.1-5',
418 silly addNameRange     '0.7.2-0',
418 silly addNameRange     '0.7.3-0',
418 silly addNameRange     '0.7.4-0',
418 silly addNameRange     '0.7.4-1',
418 silly addNameRange     '0.7.5-0',
418 silly addNameRange     '0.7.6-0',
418 silly addNameRange     '0.7.7-0',
418 silly addNameRange     '0.7.7-1',
418 silly addNameRange     '0.7.8-0',
418 silly addNameRange     '0.7.8-1',
418 silly addNameRange     '0.7.9-0',
418 silly addNameRange     '0.7.9-1',
418 silly addNameRange     '0.7.10-0',
418 silly addNameRange     '0.7.10-1',
418 silly addNameRange     '0.7.11-0',
418 silly addNameRange     '0.7.12-0',
418 silly addNameRange     '0.7.12-1',
418 silly addNameRange     '0.7.12-2',
418 silly addNameRange     '0.8.0-0',
418 silly addNameRange     '0.8.0-1',
418 silly addNameRange     '0.8.0-2',
418 silly addNameRange     '0.8.0-3',
418 silly addNameRange     '0.8.1-0',
418 silly addNameRange     '0.8.2-0',
418 silly addNameRange     '0.8.2-1',
418 silly addNameRange     '0.8.2-2',
418 silly addNameRange     '0.8.3-0',
418 silly addNameRange     '0.8.3-1',
418 silly addNameRange     '0.8.3-2',
418 silly addNameRange     '0.8.3-3',
418 silly addNameRange     '0.8.4-0',
418 silly addNameRange     '0.8.4-1',
418 silly addNameRange     '0.8.5-0',
418 silly addNameRange     '0.8.5-1',
418 silly addNameRange     '0.9.0-0',
418 silly addNameRange     '0.9.1-0',
418 silly addNameRange     '0.9.1-1',
418 silly addNameRange     '0.9.2-0',
418 silly addNameRange     '0.9.2-1',
418 silly addNameRange     '0.9.3-0',
418 silly addNameRange     '0.9.4-0',
418 silly addNameRange     '0.9.4-1',
418 silly addNameRange     '0.9.5-0',
418 silly addNameRange     '0.9.6-0',
418 silly addNameRange     '0.9.7-0',
418 silly addNameRange     '0.9.8-0',
418 silly addNameRange     '0.9.9-0',
418 silly addNameRange     '0.9.10-0',
418 silly addNameRange     '0.9.10-1',
418 silly addNameRange     '0.9.11-0',
418 silly addNameRange     '0.9.11-1',
418 silly addNameRange     '0.10.0-0',
418 silly addNameRange     '0.10.0-1',
418 silly addNameRange     '0.10.1-0',
418 silly addNameRange     '0.10.2-0',
418 silly addNameRange     '0.10.2-1',
418 silly addNameRange     '0.10.3-0',
418 silly addNameRange     '0.10.4-0',
418 silly addNameRange     '0.10.4-1',
418 silly addNameRange     '0.10.5-0',
418 silly addNameRange     '0.10.6-0',
418 silly addNameRange     '0.10.7-0',
418 silly addNameRange     '0.10.8-0',
418 silly addNameRange     '0.10.9-0',
418 silly addNameRange     '0.10.9-1',
418 silly addNameRange     '0.10.10-0',
418 silly addNameRange     '0.10.11-0',
418 silly addNameRange     '0.10.11-1',
418 silly addNameRange     '0.10.11-2',
418 silly addNameRange     '0.10.11-4',
418 silly addNameRange     '0.10.12-0',
418 silly addNameRange     '0.10.13-0',
418 silly addNameRange     '0.10.13-1',
418 silly addNameRange     '0.10.14-0',
418 silly addNameRange     '0.11.0-0',
418 silly addNameRange     '0.11.1-0',
418 silly addNameRange     '0.11.2-0',
418 silly addNameRange     '0.11.3-0',
418 silly addNameRange     '0.11.4-0',
418 silly addNameRange     '0.11.4-1',
418 silly addNameRange     '0.11.5-0',
418 silly addNameRange     '0.11.5-1',
418 silly addNameRange     '0.11.6-0',
418 silly addNameRange     '1.0.0',
418 silly addNameRange     '1.0.1',
418 silly addNameRange     '1.0.2',
418 silly addNameRange     '1.0.3',
418 silly addNameRange     '1.0.4',
418 silly addNameRange     '1.0.5',
418 silly addNameRange     '1.0.7',
418 silly addNameRange     '1.0.8',
418 silly addNameRange     '1.1.0',
418 silly addNameRange     '1.1.1',
418 silly addNameRange     '1.2.0',
418 silly addNameRange     '1.2.1',
418 silly addNameRange     '1.2.2',
418 silly addNameRange     '1.2.3',
418 silly addNameRange     '1.2.4',
418 silly addNameRange     '2.0.2',
418 silly addNameRange     '2.0.3',
418 silly addNameRange     '2.0.4',
418 silly addNameRange     '2.0.5',
418 silly addNameRange     '2.0.6',
418 silly addNameRange     '2.0.7',
418 silly addNameRange     '2.1.1',
418 silly addNameRange     '2.1.2',
418 silly addNameRange     '2.1.3',
418 silly addNameRange     '2.2.0',
418 silly addNameRange     '2.2.1',
418 silly addNameRange     '2.2.2',
418 silly addNameRange     '2.3.0',
418 silly addNameRange     '2.3.1',
418 silly addNameRange     '2.3.2',
418 silly addNameRange     '2.3.3',
418 silly addNameRange     '2.3.4',
418 silly addNameRange     '2.3.5',
418 silly addNameRange     '0.11.6',
418 silly addNameRange     '2.3.6',
418 silly addNameRange     '2.3.9',
418 silly addNameRange     '2.3.10' ] ]
419 verbose addNamed [ 'bluebird', '2.3.10' ]
420 verbose addNamed [ '2.3.10', '2.3.10' ]
421 silly lockFile 3b199f4c-bluebird-2-3-10 bluebird@2.3.10
422 verbose lock bluebird@2.3.10 /Users/leejungmin/.npm/3b199f4c-bluebird-2-3-10.lock
423 silly addNameRange number 2 { name: 'body-parser',
423 silly addNameRange   range: '>=1.8.1-0 <1.9.0-0',
423 silly addNameRange   hasData: true }
424 silly addNameRange versions [ 'body-parser',
424 silly addNameRange   [ '1.0.0',
424 silly addNameRange     '1.0.1',
424 silly addNameRange     '1.0.2',
424 silly addNameRange     '1.1.0',
424 silly addNameRange     '1.1.1',
424 silly addNameRange     '1.1.2',
424 silly addNameRange     '1.2.0',
424 silly addNameRange     '1.2.1',
424 silly addNameRange     '1.2.2',
424 silly addNameRange     '1.3.0',
424 silly addNameRange     '1.3.1',
424 silly addNameRange     '1.4.0',
424 silly addNameRange     '1.4.1',
424 silly addNameRange     '1.4.2',
424 silly addNameRange     '1.4.3',
424 silly addNameRange     '1.5.0',
424 silly addNameRange     '1.5.1',
424 silly addNameRange     '1.5.2',
424 silly addNameRange     '1.6.0',
424 silly addNameRange     '1.6.1',
424 silly addNameRange     '1.6.2',
424 silly addNameRange     '1.6.3',
424 silly addNameRange     '1.6.4',
424 silly addNameRange     '1.6.5',
424 silly addNameRange     '1.6.6',
424 silly addNameRange     '1.6.7',
424 silly addNameRange     '1.7.0',
424 silly addNameRange     '1.8.0',
424 silly addNameRange     '1.8.1',
424 silly addNameRange     '1.8.2',
424 silly addNameRange     '1.8.3',
424 silly addNameRange     '1.8.4',
424 silly addNameRange     '1.9.0',
424 silly addNameRange     '1.9.1',
424 silly addNameRange     '1.9.2' ] ]
425 verbose addNamed [ 'body-parser', '1.8.4' ]
426 verbose addNamed [ '1.8.4', '1.8.4' ]
427 silly lockFile 5cba912c-body-parser-1-8-4 body-parser@1.8.4
428 verbose lock body-parser@1.8.4 /Users/leejungmin/.npm/5cba912c-body-parser-1-8-4.lock
429 silly lockFile c7abeac3-org-bluebird-bluebird-2-3-10-tgz https://registry.npmjs.org/bluebird/-/bluebird-2.3.10.tgz
430 verbose lock https://registry.npmjs.org/bluebird/-/bluebird-2.3.10.tgz /Users/leejungmin/.npm/c7abeac3-org-bluebird-bluebird-2-3-10-tgz.lock
431 verbose addRemoteTarball [ 'https://registry.npmjs.org/bluebird/-/bluebird-2.3.10.tgz',
431 verbose addRemoteTarball   'a3d76a6e734f60bda9cf8d8e092c7969d8018beb' ]
432 info retry fetch attempt 1 at 17:44:25
433 verbose fetch to= /var/folders/d9/wg9hct1122x6k2jw69q3vr9w0000gn/T/npm-3739-MWsIxVRM/registry.npmjs.org/bluebird/-/bluebird-2.3.10.tgz
434 http GET https://registry.npmjs.org/bluebird/-/bluebird-2.3.10.tgz
435 silly lockFile 5cba912c-body-parser-1-8-4 body-parser@1.8.4
436 silly lockFile 5cba912c-body-parser-1-8-4 body-parser@1.8.4
437 silly lockFile a49948c1-body-parser-1-8-1 body-parser@~1.8.1
438 silly lockFile a49948c1-body-parser-1-8-1 body-parser@~1.8.1
439 http 200 https://registry.npmjs.org/morgan
440 silly registry.get cb [ 200,
440 silly registry.get   { date: 'Mon, 03 Nov 2014 08:44:25 GMT',
440 silly registry.get     server: 'CouchDB/1.5.0 (Erlang OTP/R16B03)',
440 silly registry.get     etag: '"708ZQTN8ZP2GVR4WWCO6UK2FY"',
440 silly registry.get     'content-type': 'application/json',
440 silly registry.get     'cache-control': 'max-age=60',
440 silly registry.get     'content-length': '28573',
440 silly registry.get     'accept-ranges': 'bytes',
440 silly registry.get     via: '1.1 varnish',
440 silly registry.get     age: '17',
440 silly registry.get     'x-served-by': 'cache-ty67-TYO',
440 silly registry.get     'x-cache': 'HIT',
440 silly registry.get     'x-cache-hits': '1',
440 silly registry.get     'x-timer': 'S1415004265.799261,VS0,VE0',
440 silly registry.get     vary: 'Accept',
440 silly registry.get     'keep-alive': 'timeout=10, max=48',
440 silly registry.get     connection: 'Keep-Alive' } ]
441 http 304 https://registry.npmjs.org/serve-favicon
442 silly registry.get cb [ 304,
442 silly registry.get   { date: 'Mon, 03 Nov 2014 08:44:25 GMT',
442 silly registry.get     server: 'Apache',
442 silly registry.get     via: '1.1 varnish',
442 silly registry.get     'last-modified': 'Mon, 03 Nov 2014 08:36:41 GMT',
442 silly registry.get     'cache-control': 'max-age=60',
442 silly registry.get     etag: '"DQNCEOV1TU804V1DNRWACLPFP"',
442 silly registry.get     age: '11',
442 silly registry.get     'x-served-by': 'cache-ty66-TYO',
442 silly registry.get     'x-cache': 'HIT',
442 silly registry.get     'x-cache-hits': '8',
442 silly registry.get     'x-timer': 'S1415004265.802190,VS0,VE0',
442 silly registry.get     vary: 'Accept',
442 silly registry.get     'content-length': '0',
442 silly registry.get     'keep-alive': 'timeout=10, max=48',
442 silly registry.get     connection: 'Keep-Alive' } ]
443 verbose etag https://registry.npmjs.org/serve-favicon from cache
444 silly addNameRange number 2 { name: 'morgan', range: '>=1.3.0-0 <1.4.0-0', hasData: true }
445 silly addNameRange versions [ 'morgan',
445 silly addNameRange   [ '1.0.0',
445 silly addNameRange     '1.0.1',
445 silly addNameRange     '1.1.0',
445 silly addNameRange     '1.1.1',
445 silly addNameRange     '1.2.0',
445 silly addNameRange     '1.2.1',
445 silly addNameRange     '1.2.2',
445 silly addNameRange     '1.2.3',
445 silly addNameRange     '1.3.0',
445 silly addNameRange     '1.3.1',
445 silly addNameRange     '1.3.2',
445 silly addNameRange     '1.4.0',
445 silly addNameRange     '1.4.1' ] ]
446 verbose addNamed [ 'morgan', '1.3.2' ]
447 verbose addNamed [ '1.3.2', '1.3.2' ]
448 silly lockFile 7e2b41c6-morgan-1-3-2 morgan@1.3.2
449 verbose lock morgan@1.3.2 /Users/leejungmin/.npm/7e2b41c6-morgan-1-3-2.lock
450 silly addNameRange number 2 { name: 'serve-favicon',
450 silly addNameRange   range: '>=2.1.3-0 <2.2.0-0',
450 silly addNameRange   hasData: true }
451 silly addNameRange versions [ 'serve-favicon',
451 silly addNameRange   [ '2.0.0',
451 silly addNameRange     '2.0.1',
451 silly addNameRange     '2.1.0',
451 silly addNameRange     '2.1.1',
451 silly addNameRange     '2.1.2',
451 silly addNameRange     '2.1.3',
451 silly addNameRange     '2.1.4',
451 silly addNameRange     '2.1.5',
451 silly addNameRange     '2.1.6' ] ]
452 verbose addNamed [ 'serve-favicon', '2.1.6' ]
453 verbose addNamed [ '2.1.6', '2.1.6' ]
454 silly lockFile 4a3fd20c-serve-favicon-2-1-6 serve-favicon@2.1.6
455 verbose lock serve-favicon@2.1.6 /Users/leejungmin/.npm/4a3fd20c-serve-favicon-2-1-6.lock
456 silly lockFile 7e2b41c6-morgan-1-3-2 morgan@1.3.2
457 silly lockFile 7e2b41c6-morgan-1-3-2 morgan@1.3.2
458 silly lockFile a4a9bdf4-morgan-1-3-0 morgan@~1.3.0
459 silly lockFile a4a9bdf4-morgan-1-3-0 morgan@~1.3.0
460 silly lockFile 4a3fd20c-serve-favicon-2-1-6 serve-favicon@2.1.6
461 silly lockFile 4a3fd20c-serve-favicon-2-1-6 serve-favicon@2.1.6
462 silly lockFile 38295489-serve-favicon-2-1-3 serve-favicon@~2.1.3
463 silly lockFile 38295489-serve-favicon-2-1-3 serve-favicon@~2.1.3
464 http 200 https://registry.npmjs.org/underscore.string
465 silly registry.get cb [ 200,
465 silly registry.get   { date: 'Mon, 03 Nov 2014 08:44:25 GMT',
465 silly registry.get     server: 'CouchDB/1.5.0 (Erlang OTP/R14B04)',
465 silly registry.get     etag: '"BQDEERHQI4XYBD16OF3QOTAM2"',
465 silly registry.get     'content-type': 'application/json',
465 silly registry.get     'cache-control': 'max-age=60',
465 silly registry.get     'content-length': '47899',
465 silly registry.get     'accept-ranges': 'bytes',
465 silly registry.get     via: '1.1 varnish',
465 silly registry.get     age: '54',
465 silly registry.get     'x-served-by': 'cache-ty67-TYO',
465 silly registry.get     'x-cache': 'HIT',
465 silly registry.get     'x-cache-hits': '6',
465 silly registry.get     'x-timer': 'S1415004265.846167,VS0,VE0',
465 silly registry.get     vary: 'Accept',
465 silly registry.get     'keep-alive': 'timeout=10, max=47',
465 silly registry.get     connection: 'Keep-Alive' } ]
466 silly lockFile b74e7c47-ring-underscore-string-2-3-3-tgz https://registry.npmjs.org/underscore.string/-/underscore.string-2.3.3.tgz
467 verbose lock https://registry.npmjs.org/underscore.string/-/underscore.string-2.3.3.tgz /Users/leejungmin/.npm/b74e7c47-ring-underscore-string-2-3-3-tgz.lock
468 verbose addRemoteTarball [ 'https://registry.npmjs.org/underscore.string/-/underscore.string-2.3.3.tgz',
468 verbose addRemoteTarball   '71c08bf6b428b1133f37e78fa3a21c82f7329b0d' ]
469 info retry fetch attempt 1 at 17:44:26
470 verbose fetch to= /var/folders/d9/wg9hct1122x6k2jw69q3vr9w0000gn/T/npm-3739-MWsIxVRM/registry.npmjs.org/underscore.string/-/underscore.string-2.3.3.tgz
471 http GET https://registry.npmjs.org/underscore.string/-/underscore.string-2.3.3.tgz
472 http 200 https://registry.npmjs.org/pg/-/pg-3.6.2.tgz
473 http 200 https://registry.npmjs.org/underscore
474 silly registry.get cb [ 200,
474 silly registry.get   { date: 'Mon, 03 Nov 2014 08:44:25 GMT',
474 silly registry.get     server: 'CouchDB/1.5.0 (Erlang OTP/R16B03)',
474 silly registry.get     etag: '"24TLZS7S99AIVN6TYPPD4405Y"',
474 silly registry.get     'content-type': 'application/json',
474 silly registry.get     'cache-control': 'max-age=60',
474 silly registry.get     'content-length': '33114',
474 silly registry.get     'accept-ranges': 'bytes',
474 silly registry.get     via: '1.1 varnish',
474 silly registry.get     age: '35',
474 silly registry.get     'x-served-by': 'cache-ty67-TYO',
474 silly registry.get     'x-cache': 'HIT',
474 silly registry.get     'x-cache-hits': '5',
474 silly registry.get     'x-timer': 'S1415004265.893875,VS0,VE0',
474 silly registry.get     vary: 'Accept',
474 silly registry.get     'keep-alive': 'timeout=10, max=46',
474 silly registry.get     connection: 'Keep-Alive' } ]
475 silly lockFile 0bc9860b--underscore-underscore-1-7-0-tgz https://registry.npmjs.org/underscore/-/underscore-1.7.0.tgz
476 verbose lock https://registry.npmjs.org/underscore/-/underscore-1.7.0.tgz /Users/leejungmin/.npm/0bc9860b--underscore-underscore-1-7-0-tgz.lock
477 verbose addRemoteTarball [ 'https://registry.npmjs.org/underscore/-/underscore-1.7.0.tgz',
477 verbose addRemoteTarball   '6bbaf0877500d36be34ecaa584e0db9fef035209' ]
478 info retry fetch attempt 1 at 17:44:26
479 verbose fetch to= /var/folders/d9/wg9hct1122x6k2jw69q3vr9w0000gn/T/npm-3739-MWsIxVRM/registry.npmjs.org/underscore/-/underscore-1.7.0.tgz
480 http GET https://registry.npmjs.org/underscore/-/underscore-1.7.0.tgz
481 http 200 https://registry.npmjs.org/express
482 silly registry.get cb [ 200,
482 silly registry.get   { date: 'Mon, 03 Nov 2014 08:44:25 GMT',
482 silly registry.get     server: 'CouchDB/1.5.0 (Erlang OTP/R16B03)',
482 silly registry.get     etag: '"DOUSH91BUGWJ540XUW6LDMMPW"',
482 silly registry.get     'content-type': 'application/json',
482 silly registry.get     'cache-control': 'max-age=60',
482 silly registry.get     'content-length': '412368',
482 silly registry.get     'accept-ranges': 'bytes',
482 silly registry.get     via: '1.1 varnish',
482 silly registry.get     age: '47',
482 silly registry.get     'x-served-by': 'cache-ty67-TYO',
482 silly registry.get     'x-cache': 'HIT',
482 silly registry.get     'x-cache-hits': '3',
482 silly registry.get     'x-timer': 'S1415004265.680804,VS0,VE0',
482 silly registry.get     vary: 'Accept',
482 silly registry.get     'keep-alive': 'timeout=10, max=47',
482 silly registry.get     connection: 'Keep-Alive' } ]
483 silly addNameRange number 2 { name: 'express', range: '>=4.9.0-0 <4.10.0-0', hasData: true }
484 silly addNameRange versions [ 'express',
484 silly addNameRange   [ '0.14.0',
484 silly addNameRange     '0.14.1',
484 silly addNameRange     '1.0.0',
484 silly addNameRange     '1.0.1',
484 silly addNameRange     '1.0.2',
484 silly addNameRange     '1.0.3',
484 silly addNameRange     '1.0.4',
484 silly addNameRange     '1.0.5',
484 silly addNameRange     '1.0.6',
484 silly addNameRange     '1.0.7',
484 silly addNameRange     '1.0.8',
484 silly addNameRange     '2.0.0',
484 silly addNameRange     '2.1.0',
484 silly addNameRange     '2.1.1',
484 silly addNameRange     '2.2.0',
484 silly addNameRange     '2.2.1',
484 silly addNameRange     '2.2.2',
484 silly addNameRange     '2.3.0',
484 silly addNameRange     '2.3.1',
484 silly addNameRange     '2.3.2',
484 silly addNameRange     '2.3.3',
484 silly addNameRange     '2.3.4',
484 silly addNameRange     '2.3.5',
484 silly addNameRange     '2.3.6',
484 silly addNameRange     '2.3.7',
484 silly addNameRange     '2.3.8',
484 silly addNameRange     '2.3.9',
484 silly addNameRange     '2.3.10',
484 silly addNameRange     '2.3.11',
484 silly addNameRange     '2.3.12',
484 silly addNameRange     '2.4.0',
484 silly addNameRange     '2.4.1',
484 silly addNameRange     '2.4.2',
484 silly addNameRange     '2.4.3',
484 silly addNameRange     '2.4.4',
484 silly addNameRange     '2.4.5',
484 silly addNameRange     '2.4.6',
484 silly addNameRange     '2.4.7',
484 silly addNameRange     '2.5.0',
484 silly addNameRange     '2.5.1',
484 silly addNameRange     '2.5.2',
484 silly addNameRange     '2.5.3',
484 silly addNameRange     '2.5.4',
484 silly addNameRange     '2.5.5',
484 silly addNameRange     '2.5.6',
484 silly addNameRange     '2.5.7',
484 silly addNameRange     '2.5.8',
484 silly addNameRange     '2.5.9',
484 silly addNameRange     '2.5.10',
484 silly addNameRange     '2.5.11',
484 silly addNameRange     '3.0.0',
484 silly addNameRange     '3.0.1',
484 silly addNameRange     '3.0.2',
484 silly addNameRange     '3.0.3',
484 silly addNameRange     '3.0.4',
484 silly addNameRange     '3.0.5',
484 silly addNameRange     '3.0.6',
484 silly addNameRange     '3.1.0',
484 silly addNameRange     '3.1.1',
484 silly addNameRange     '3.1.2',
484 silly addNameRange     '3.2.0',
484 silly addNameRange     '3.2.1',
484 silly addNameRange     '3.2.2',
484 silly addNameRange     '3.2.3',
484 silly addNameRange     '3.2.4',
484 silly addNameRange     '3.2.5',
484 silly addNameRange     '3.2.6',
484 silly addNameRange     '3.3.0',
484 silly addNameRange     '3.3.1',
484 silly addNameRange     '3.3.2',
484 silly addNameRange     '3.3.3',
484 silly addNameRange     '3.3.4',
484 silly addNameRange     '3.3.5',
484 silly addNameRange     '3.3.6',
484 silly addNameRange     '1.0.0-beta',
484 silly addNameRange     '1.0.0-beta2',
484 silly addNameRange     '1.0.0-rc',
484 silly addNameRange     '1.0.0-rc2',
484 silly addNameRange     '1.0.0-rc3',
484 silly addNameRange     '1.0.0-rc4',
484 silly addNameRange     '2.0.0-beta',
484 silly addNameRange     '2.0.0-beta2',
484 silly addNameRange     '2.0.0-beta3',
484 silly addNameRange     '2.0.0-rc',
484 silly addNameRange     '2.0.0-rc2',
484 silly addNameRange     '2.0.0-rc3',
484 silly addNameRange     '3.0.0-alpha1',
484 silly addNameRange     '3.0.0-alpha2',
484 silly addNameRange     '3.0.0-alpha3',
484 silly addNameRange     '3.0.0-alpha4',
484 silly addNameRange     '3.0.0-alpha5',
484 silly addNameRange     '3.0.0-beta1',
484 silly addNameRange     '3.0.0-beta2',
484 silly addNameRange     '3.0.0-beta3',
484 silly addNameRange     '3.0.0-beta4',
484 silly addNameRange     '3.0.0-beta6',
484 silly addNameRange     '3.0.0-beta7',
484 silly addNameRange     '3.0.0-rc1',
484 silly addNameRange     '3.0.0-rc2',
484 silly addNameRange     '3.0.0-rc3',
484 silly addNameRange     '3.0.0-rc4',
484 silly addNameRange     '3.0.0-rc5',
484 silly addNameRange     '3.3.7',
484 silly addNameRange     '3.3.8',
484 silly addNameRange     '3.4.0',
484 silly addNameRange     '3.4.1',
484 silly addNameRange     '3.4.2',
484 silly addNameRange     '3.4.3',
484 silly addNameRange     '3.4.4',
484 silly addNameRange     '3.4.5',
484 silly addNameRange     '3.4.6',
484 silly addNameRange     '3.4.7',
484 silly addNameRange     '3.4.8',
484 silly addNameRange     '4.0.0-rc1',
484 silly addNameRange     '4.0.0-rc2',
484 silly addNameRange     '3.5.0',
484 silly addNameRange     '4.0.0-rc3',
484 silly addNameRange     '4.0.0-rc4',
484 silly addNameRange     '3.5.1',
484 silly addNameRange     '4.0.0',
484 silly addNameRange     '3.5.2',
484 silly addNameRange     '4.1.0',
484 silly addNameRange     '4.1.1',
484 silly addNameRange     '3.5.3',
484 silly addNameRange     '4.1.2',
484 silly addNameRange     '3.6.0',
484 silly addNameRange     '4.2.0',
484 silly addNameRange     '3.7.0',
484 silly addNameRange     '3.8.0',
484 silly addNameRange     '4.3.0',
484 silly addNameRange     '4.3.1',
484 silly addNameRange     '3.8.1',
484 silly addNameRange     '4.3.2',
484 silly addNameRange     '3.9.0',
484 silly addNameRange     '4.4.0',
484 silly addNameRange     '4.4.1',
484 silly addNameRange     '3.10.0',
484 silly addNameRange     '3.10.1',
484 silly addNameRange     '3.10.2',
484 silly addNameRange     '3.10.3',
484 silly addNameRange     '3.10.4',
484 silly addNameRange     '4.4.2',
484 silly addNameRange     '3.10.5',
484 silly addNameRange     '4.4.3',
484 silly addNameRange     '3.11.0',
484 silly addNameRange     '4.4.4',
484 silly addNameRange     '3.12.0',
484 silly addNameRange     '3.12.1',
484 silly addNameRange     '4.4.5',
484 silly addNameRange     '3.13.0',
484 silly addNameRange     '4.5.0',
484 silly addNameRange     '4.5.1',
484 silly addNameRange     '3.14.0',
484 silly addNameRange     '4.6.0',
484 silly addNameRange     '4.6.1',
484 silly addNameRange     '3.15.0',
484 silly addNameRange     '4.7.0',
484 silly addNameRange     '3.15.1',
484 silly addNameRange     '4.7.1',
484 silly addNameRange     '3.15.2',
484 silly addNameRange     '4.7.2',
484 silly addNameRange     '4.7.3',
484 silly addNameRange     '3.15.3',
484 silly addNameRange     '4.7.4',
484 silly addNameRange     '3.16.0',
484 silly addNameRange     '4.8.0',
484 silly addNameRange     '3.16.1',
484 silly addNameRange     '4.8.1',
484 silly addNameRange     '3.16.2',
484 silly addNameRange     '4.8.2',
484 silly addNameRange     '3.16.3',
484 silly addNameRange     '3.16.4',
484 silly addNameRange     '4.8.3',
484 silly addNameRange     '3.16.5',
484 silly addNameRange     '3.16.6',
484 silly addNameRange     '4.8.4',
484 silly addNameRange     '3.16.7',
484 silly addNameRange     '4.8.5',
484 silly addNameRange     '3.16.8',
484 silly addNameRange     '4.8.6',
484 silly addNameRange     '3.16.9',
484 silly addNameRange     '4.8.7',
484 silly addNameRange     '3.16.10',
484 silly addNameRange     '4.8.8',
484 silly addNameRange     '3.17.0',
484 silly addNameRange     '3.17.1',
484 silly addNameRange     '4.9.0',
484 silly addNameRange     '3.17.2',
484 silly addNameRange     '4.9.1',
484 silly addNameRange     '4.9.2',
484 silly addNameRange     '3.17.3',
484 silly addNameRange     '4.9.3',
484 silly addNameRange     '3.17.4',
484 silly addNameRange     '4.9.4',
484 silly addNameRange     '3.17.5',
484 silly addNameRange     '4.9.5',
484 silly addNameRange     '3.17.6',
484 silly addNameRange     '3.17.7',
484 silly addNameRange     '4.9.6',
484 silly addNameRange     '4.9.7',
484 silly addNameRange     '3.17.8',
484 silly addNameRange     '4.9.8',
484 silly addNameRange     '3.18.0',
484 silly addNameRange     '3.18.1',
484 silly addNameRange     '4.10.0',
484 silly addNameRange     '3.18.2',
484 silly addNameRange     '4.10.1' ] ]
485 verbose addNamed [ 'express', '4.9.8' ]
486 verbose addNamed [ '4.9.8', '4.9.8' ]
487 silly lockFile 3e3a25f6-express-4-9-8 express@4.9.8
488 verbose lock express@4.9.8 /Users/leejungmin/.npm/3e3a25f6-express-4-9-8.lock
489 silly lockFile 3e3a25f6-express-4-9-8 express@4.9.8
490 silly lockFile 3e3a25f6-express-4-9-8 express@4.9.8
491 silly lockFile 6ae7fa08-express-4-9-0 express@~4.9.0
492 silly lockFile 6ae7fa08-express-4-9-0 express@~4.9.0
493 http 200 https://registry.npmjs.org/bluebird/-/bluebird-2.3.10.tgz
494 http 200 https://registry.npmjs.org/stylus
495 silly registry.get cb [ 200,
495 silly registry.get   { date: 'Mon, 03 Nov 2014 08:44:25 GMT',
495 silly registry.get     server: 'CouchDB/1.5.0 (Erlang OTP/R16B03)',
495 silly registry.get     etag: '"8N25FFM2MVE82KWB8AXYAK6H5"',
495 silly registry.get     'content-type': 'application/json',
495 silly registry.get     'cache-control': 'max-age=60',
495 silly registry.get     'content-length': '175610',
495 silly registry.get     'accept-ranges': 'bytes',
495 silly registry.get     via: '1.1 varnish',
495 silly registry.get     age: '27',
495 silly registry.get     'x-served-by': 'cache-ty66-TYO',
495 silly registry.get     'x-cache': 'HIT',
495 silly registry.get     'x-cache-hits': '1',
495 silly registry.get     'x-timer': 'S1415004265.847622,VS0,VE0',
495 silly registry.get     vary: 'Accept',
495 silly registry.get     'keep-alive': 'timeout=10, max=47',
495 silly registry.get     connection: 'Keep-Alive' } ]
496 silly lockFile fe235b6f-mjs-org-stylus-stylus-0-42-3-tgz https://registry.npmjs.org/stylus/-/stylus-0.42.3.tgz
497 verbose lock https://registry.npmjs.org/stylus/-/stylus-0.42.3.tgz /Users/leejungmin/.npm/fe235b6f-mjs-org-stylus-stylus-0-42-3-tgz.lock
498 verbose addRemoteTarball [ 'https://registry.npmjs.org/stylus/-/stylus-0.42.3.tgz',
498 verbose addRemoteTarball   '23e8b3e71eb7f60bc4a657de498c8feb9c366c32' ]
499 info retry fetch attempt 1 at 17:44:26
500 verbose fetch to= /var/folders/d9/wg9hct1122x6k2jw69q3vr9w0000gn/T/npm-3739-MWsIxVRM/registry.npmjs.org/stylus/-/stylus-0.42.3.tgz
501 http GET https://registry.npmjs.org/stylus/-/stylus-0.42.3.tgz
502 silly lockFile 1a12d06a-gistry-npmjs-org-pg-pg-3-6-2-tgz https://registry.npmjs.org/pg/-/pg-3.6.2.tgz
503 silly lockFile 1a12d06a-gistry-npmjs-org-pg-pg-3-6-2-tgz https://registry.npmjs.org/pg/-/pg-3.6.2.tgz
504 silly lockFile cf59ca42-pg-3-6-2 pg@3.6.2
505 silly lockFile cf59ca42-pg-3-6-2 pg@3.6.2
506 silly lockFile 8dbe2238-pg pg@*
507 silly lockFile 8dbe2238-pg pg@*
508 silly lockFile 8554d4f5-rg-bookshelf-bookshelf-0-7-7-tgz https://registry.npmjs.org/bookshelf/-/bookshelf-0.7.7.tgz
509 silly lockFile 8554d4f5-rg-bookshelf-bookshelf-0-7-7-tgz https://registry.npmjs.org/bookshelf/-/bookshelf-0.7.7.tgz
510 silly lockFile 435fa37e-bookshelf-0-7-7 bookshelf@0.7.7
511 silly lockFile 435fa37e-bookshelf-0-7-7 bookshelf@0.7.7
512 http 200 https://registry.npmjs.org/underscore.string/-/underscore.string-2.3.3.tgz
513 http 200 https://registry.npmjs.org/underscore/-/underscore-1.7.0.tgz
514 silly lockFile c7abeac3-org-bluebird-bluebird-2-3-10-tgz https://registry.npmjs.org/bluebird/-/bluebird-2.3.10.tgz
515 silly lockFile c7abeac3-org-bluebird-bluebird-2-3-10-tgz https://registry.npmjs.org/bluebird/-/bluebird-2.3.10.tgz
516 silly lockFile 3b199f4c-bluebird-2-3-10 bluebird@2.3.10
517 silly lockFile 3b199f4c-bluebird-2-3-10 bluebird@2.3.10
518 silly lockFile 7792aacb-bluebird-2-3-10 bluebird@^2.3.10
519 silly lockFile 7792aacb-bluebird-2-3-10 bluebird@^2.3.10
520 http 200 https://registry.npmjs.org/express-session
521 silly registry.get cb [ 200,
521 silly registry.get   { date: 'Mon, 03 Nov 2014 08:44:26 GMT',
521 silly registry.get     server: 'CouchDB/1.5.0 (Erlang OTP/R16B03)',
521 silly registry.get     etag: '"5XY51F8JB3BYHRZ4TZCWJO11C"',
521 silly registry.get     'content-type': 'application/json',
521 silly registry.get     'cache-control': 'max-age=60',
521 silly registry.get     'content-length': '59689',
521 silly registry.get     'accept-ranges': 'bytes',
521 silly registry.get     via: '1.1 varnish',
521 silly registry.get     age: '0',
521 silly registry.get     'x-served-by': 'cache-ty67-TYO',
521 silly registry.get     'x-cache': 'HIT',
521 silly registry.get     'x-cache-hits': '1',
521 silly registry.get     'x-timer': 'S1415004265.262591,VS0,VE768',
521 silly registry.get     vary: 'Accept',
521 silly registry.get     'keep-alive': 'timeout=10, max=50',
521 silly registry.get     connection: 'Keep-Alive' } ]
522 silly lockFile 8969b713-ession-express-session-1-9-1-tgz https://registry.npmjs.org/express-session/-/express-session-1.9.1.tgz
523 verbose lock https://registry.npmjs.org/express-session/-/express-session-1.9.1.tgz /Users/leejungmin/.npm/8969b713-ession-express-session-1-9-1-tgz.lock
524 verbose addRemoteTarball [ 'https://registry.npmjs.org/express-session/-/express-session-1.9.1.tgz',
524 verbose addRemoteTarball   '27f9192d04eec2c9106dfd3315cdc98b48fdfd3b' ]
525 info retry fetch attempt 1 at 17:44:26
526 verbose fetch to= /var/folders/d9/wg9hct1122x6k2jw69q3vr9w0000gn/T/npm-3739-MWsIxVRM/registry.npmjs.org/express-session/-/express-session-1.9.1.tgz
527 http GET https://registry.npmjs.org/express-session/-/express-session-1.9.1.tgz
528 silly lockFile 0bc9860b--underscore-underscore-1-7-0-tgz https://registry.npmjs.org/underscore/-/underscore-1.7.0.tgz
529 silly lockFile 0bc9860b--underscore-underscore-1-7-0-tgz https://registry.npmjs.org/underscore/-/underscore-1.7.0.tgz
530 silly lockFile 900da168-underscore-1-7-0 underscore@1.7.0
531 silly lockFile 900da168-underscore-1-7-0 underscore@1.7.0
532 http 200 https://registry.npmjs.org/stylus/-/stylus-0.42.3.tgz
533 silly lockFile b74e7c47-ring-underscore-string-2-3-3-tgz https://registry.npmjs.org/underscore.string/-/underscore.string-2.3.3.tgz
534 silly lockFile b74e7c47-ring-underscore-string-2-3-3-tgz https://registry.npmjs.org/underscore.string/-/underscore.string-2.3.3.tgz
535 silly lockFile a37b16cb-underscore-string-2-3-3 underscore.string@2.3.3
536 silly lockFile a37b16cb-underscore-string-2-3-3 underscore.string@2.3.3
537 http 200 https://registry.npmjs.org/knex
538 silly registry.get cb [ 200,
538 silly registry.get   { date: 'Mon, 03 Nov 2014 08:44:26 GMT',
538 silly registry.get     server: 'CouchDB/1.5.0 (Erlang OTP/R16B03)',
538 silly registry.get     etag: '"6HW7QV3B6U6QZ2D31PZSURGG8"',
538 silly registry.get     'content-type': 'application/json',
538 silly registry.get     'cache-control': 'max-age=60',
538 silly registry.get     'content-length': '130307',
538 silly registry.get     'accept-ranges': 'bytes',
538 silly registry.get     via: '1.1 varnish',
538 silly registry.get     age: '0',
538 silly registry.get     'x-served-by': 'cache-ty68-TYO',
538 silly registry.get     'x-cache': 'HIT',
538 silly registry.get     'x-cache-hits': '1',
538 silly registry.get     'x-timer': 'S1415004265.692155,VS0,VE520',
538 silly registry.get     vary: 'Accept',
538 silly registry.get     'keep-alive': 'timeout=10, max=48',
538 silly registry.get     connection: 'Keep-Alive' } ]
539 silly lockFile 20c0d45f-ry-npmjs-org-knex-knex-0-7-3-tgz https://registry.npmjs.org/knex/-/knex-0.7.3.tgz
540 verbose lock https://registry.npmjs.org/knex/-/knex-0.7.3.tgz /Users/leejungmin/.npm/20c0d45f-ry-npmjs-org-knex-knex-0-7-3-tgz.lock
541 verbose addRemoteTarball [ 'https://registry.npmjs.org/knex/-/knex-0.7.3.tgz',
541 verbose addRemoteTarball   '66036d81c6d6ffea6beaefc2afbf875a64da423a' ]
542 info retry fetch attempt 1 at 17:44:26
543 verbose fetch to= /var/folders/d9/wg9hct1122x6k2jw69q3vr9w0000gn/T/npm-3739-MWsIxVRM/registry.npmjs.org/knex/-/knex-0.7.3.tgz
544 http GET https://registry.npmjs.org/knex/-/knex-0.7.3.tgz
545 http 200 https://registry.npmjs.org/express-session/-/express-session-1.9.1.tgz
546 silly lockFile fe235b6f-mjs-org-stylus-stylus-0-42-3-tgz https://registry.npmjs.org/stylus/-/stylus-0.42.3.tgz
547 silly lockFile fe235b6f-mjs-org-stylus-stylus-0-42-3-tgz https://registry.npmjs.org/stylus/-/stylus-0.42.3.tgz
548 silly lockFile fb5b2923-stylus-0-42-3 stylus@0.42.3
549 silly lockFile fb5b2923-stylus-0-42-3 stylus@0.42.3
550 silly lockFile 8969b713-ession-express-session-1-9-1-tgz https://registry.npmjs.org/express-session/-/express-session-1.9.1.tgz
551 silly lockFile 8969b713-ession-express-session-1-9-1-tgz https://registry.npmjs.org/express-session/-/express-session-1.9.1.tgz
552 silly lockFile c0a3989b-express-session-1-9-1 express-session@1.9.1
553 silly lockFile c0a3989b-express-session-1-9-1 express-session@1.9.1
554 http 200 https://registry.npmjs.org/knex/-/knex-0.7.3.tgz
555 silly lockFile 20c0d45f-ry-npmjs-org-knex-knex-0-7-3-tgz https://registry.npmjs.org/knex/-/knex-0.7.3.tgz
556 silly lockFile 20c0d45f-ry-npmjs-org-knex-knex-0-7-3-tgz https://registry.npmjs.org/knex/-/knex-0.7.3.tgz
557 silly lockFile c74436cc-knex-0-7-3 knex@0.7.3
558 silly lockFile c74436cc-knex-0-7-3 knex@0.7.3
559 error Error: EACCES, mkdir '/Users/leejungmin/.npm/bluebird/2.3.10'
559 error  { [Error: EACCES, mkdir '/Users/leejungmin/.npm/bluebird/2.3.10']
559 error   errno: 3,
559 error   code: 'EACCES',
559 error   path: '/Users/leejungmin/.npm/bluebird/2.3.10',
559 error   parent: 'hub1' }
560 error Please try running this command again as root/Administrator.
561 error System Darwin 12.5.0
562 error command "node" "/usr/local/bin/npm" "install"
563 error cwd /Users/leejungmin/WebstormProjects/hub1_git
564 error node -v v0.10.32
565 error npm -v 1.4.28
566 error path /Users/leejungmin/.npm/bluebird/2.3.10
567 error code EACCES
568 error errno 3
569 error stack Error: EACCES, mkdir '/Users/leejungmin/.npm/bluebird/2.3.10'
570 verbose exit [ 3, true ]
